\BOOKMARK [0][-]{chapter*.2}{Acknowledgements}{}% 1
\BOOKMARK [0][-]{chapter*.3}{Preface}{}% 2
\BOOKMARK [0][-]{chapter*.4}{List of illustrations}{}% 3
\BOOKMARK [0][-]{chapter*.5}{List of tables}{}% 4
\BOOKMARK [0][-]{chapter.1}{Introduction}{}% 5
\BOOKMARK [1][-]{section.1.1}{Working memory in theories of sentence comprehension}{chapter.1}% 6
\BOOKMARK [1][-]{section.1.2}{Prediction in sentence processing}{chapter.1}% 7
\BOOKMARK [1][-]{section.1.3}{Working memory and prediction}{chapter.1}% 8
\BOOKMARK [1][-]{section.1.4}{Current beliefs about constraints on sentence comprehension}{chapter.1}% 9
\BOOKMARK [1][-]{section.1.5}{Some gaps in the sentence processing literature}{chapter.1}% 10
\BOOKMARK [1][-]{section.1.6}{The goals of this book}{chapter.1}% 11
\BOOKMARK [1][-]{section.1.7}{Looking ahead}{chapter.1}% 12
\BOOKMARK [0][-]{chapter.2}{Dependencies in sentence comprehension}{}% 13
\BOOKMARK [1][-]{section.2.1}{Memory processes in sentence comprehension}{chapter.2}% 14
\BOOKMARK [1][-]{section.2.2}{Dependency completion in sentence processing}{chapter.2}% 15
\BOOKMARK [1][-]{section.2.3}{Subject-verb non-agreement dependencies}{chapter.2}% 16
\BOOKMARK [1][-]{section.2.4}{Subject-verb number agreement}{chapter.2}% 17
\BOOKMARK [1][-]{section.2.5}{Reflexives and reciprocals}{chapter.2}% 18
\BOOKMARK [1][-]{section.2.6}{Concluding remarks}{chapter.2}% 19
\BOOKMARK [0][-]{chapter.3}{The core ACT-R-based model of retrieval processes}{}% 20
\BOOKMARK [1][-]{section.3.1}{ACT-R}{chapter.3}% 21
\BOOKMARK [1][-]{section.3.2}{The Lewis \046 Vasishth \(2005\) model}{chapter.3}% 22
\BOOKMARK [1][-]{section.3.3}{Parameter estimation given data and a model}{chapter.3}% 23
\BOOKMARK [1][-]{section.3.4}{Concluding remarks}{chapter.3}% 24
\BOOKMARK [0][-]{chapter.4}{Extension: Prominence and multi-associative cues}{}% 25
\BOOKMARK [1][-]{section.4.1}{Incorporating prominence and multi-associative cues}{chapter.4}% 26
\BOOKMARK [1][-]{section.4.2}{A simulation of the meta-analysis studies}{chapter.4}% 27
\BOOKMARK [1][-]{section.4.3}{General Discussion}{chapter.4}% 28
\BOOKMARK [1][-]{section.a.4.A}{Key terms and concepts}{chapter.4}% 29
\BOOKMARK [1][-]{section.a.4.B}{List of experiments included in the simulations}{chapter.4}% 30
\BOOKMARK [1][-]{section.a.4.C}{The prominence effect explained}{chapter.4}% 31
\BOOKMARK [1][-]{section.a.4.D}{Model specifications}{chapter.4}% 32
\BOOKMARK [0][-]{chapter.5}{Extension: Eye-movement control and parsing}{}% 33
\BOOKMARK [1][-]{section.5.1}{Introduction}{chapter.5}% 34
\BOOKMARK [1][-]{section.5.2}{The EMMA/ACT-R reading model}{chapter.5}% 35
\BOOKMARK [1][-]{section.5.3}{Replication of Salvucci \(2001\)}{chapter.5}% 36
\BOOKMARK [1][-]{section.5.4}{The extended EMMA/ACT-R model}{chapter.5}% 37
\BOOKMARK [1][-]{section.5.5}{Simulations on the Potsdam Sentence Corpus}{chapter.5}% 38
\BOOKMARK [1][-]{section.5.6}{General Discussion}{chapter.5}% 39
\BOOKMARK [1][-]{section.b.5.A}{Root-mean-square deviation}{chapter.5}% 40
\BOOKMARK [1][-]{section.b.5.B}{Linear regression analysis}{chapter.5}% 41
\BOOKMARK [0][-]{chapter.6}{Reanalysis and underspecification}{}% 42
\BOOKMARK [1][-]{section.6.1}{Introduction}{chapter.6}% 43
\BOOKMARK [1][-]{section.6.2}{Modelling reanalysis}{chapter.6}% 44
\BOOKMARK [1][-]{section.6.3}{Modelling underspecification}{chapter.6}% 45
\BOOKMARK [1][-]{section.6.4}{General Discussion}{chapter.6}% 46
\BOOKMARK [0][-]{chapter.7}{Competing accounts of interference in sentence processing}{}% 47
\BOOKMARK [1][-]{section.7.1}{The direct-access model}{chapter.7}% 48
\BOOKMARK [1][-]{section.7.2}{Comparing the predictive performances of the models}{chapter.7}% 49
\BOOKMARK [1][-]{section.7.3}{Encoding interference in agreement attraction}{chapter.7}% 50
\BOOKMARK [0][-]{chapter.8}{Modelling sentence comprehension deficits in aphasia}{}% 51
\BOOKMARK [1][-]{section.8.1}{Theories and models of sentence comprehension deficits}{chapter.8}% 52
\BOOKMARK [1][-]{section.8.2}{Modelling individual-level differences}{chapter.8}% 53
\BOOKMARK [1][-]{section.8.3}{Competing models of retrieval in aphasia}{chapter.8}% 54
\BOOKMARK [1][-]{section.8.4}{Concluding remarks}{chapter.8}% 55
\BOOKMARK [0][-]{chapter.9}{Future directions}{}% 56
\BOOKMARK [1][-]{section.9.1}{The need for creating higher-precision benchmark data-sets for model evaluation and comparison}{chapter.9}% 57
\BOOKMARK [1][-]{section.9.2}{Comprehensive model comparisons of competing models of retrieval}{chapter.9}% 58
\BOOKMARK [1][-]{section.9.3}{The need for larger-sample direct-replication studies}{chapter.9}% 59
\BOOKMARK [1][-]{section.9.4}{Understanding the production-comprehension link}{chapter.9}% 60
\BOOKMARK [1][-]{section.9.4}{Bibliography}{chapter.9}% 61
\BOOKMARK [0][-]{appendix*.30}{Bibliography}{}% 62
\BOOKMARK [0][-]{appendix*.30}{Index}{}% 63
