This is pdfTeX, Version 3.14159265-2.6-1.40.20 (TeX Live 2019) (preloaded format=pdflatex 2019.11.9)  4 JAN 2021 17:14
entering extended mode
 restricted \write18 enabled.
 file:line:error style messages enabled.
 %&-line parsing enabled.
**VasishthEngelmannSCCP.tex
(./VasishthEngelmannSCCP.tex
LaTeX2e <2018-12-01>
(./cambridge7A.cls

LaTeX Warning: You have requested document class `cambridge7A',
               but the document class provides `cambridge7A.cls'.

Document Class: cambridge7A.cls 2011/02/28, v3.00 gamma 
\AJW@indent=\dimen102
\AJW@floatindent=\dimen103
*** Using cambridge7A.cls, authored option [default] ***
\AJW@baseskip=\skip41
\AJW@theskip=\skip42
\AJW@measure=\dimen104
\AJW@headwidth=\dimen105
\apptmp=\count80
\@dotbox=\box27
\c@part=\count81
\c@chapter=\count82
\c@section=\count83
\c@subsection=\count84
\c@subsubsection=\count85
\c@paragraph=\count86
\c@subparagraph=\count87
\c@ex@bean=\count88
\tmp=\count89
\c@ex@beanbychapter=\count90
\c@prob@bean=\count91
\tmp=\count92
\c@prob@beanbychapter=\count93
\AJW@tocindent=\dimen106
\AJW@toclmarg=\dimen107
\bibindent=\dimen108
\@footindent=\skip43
\c@endnote=\count94
\endnotesep=\dimen109
\@enotes=\write3
\figcapindent=\skip44
\figcapwidth=\skip45
\@figbox=\box28
\AJW@floatwidth=\dimen110
\c@figure=\count95
\c@table=\count96
) (/usr/local/texlive/2019/texmf-dist/tex/latex/graphics/graphicx.sty
Package: graphicx 2017/06/01 v1.1a Enhanced LaTeX Graphics (DPC,SPQR)

(/usr/local/texlive/2019/texmf-dist/tex/latex/graphics/keyval.sty
Package: keyval 2014/10/28 v1.15 key=value parser (DPC)
\KV@toks@=\toks14
)
(/usr/local/texlive/2019/texmf-dist/tex/latex/graphics/graphics.sty
Package: graphics 2017/06/25 v1.2c Standard LaTeX Graphics (DPC,SPQR)

(/usr/local/texlive/2019/texmf-dist/tex/latex/graphics/trig.sty
Package: trig 2016/01/03 v1.10 sin cos tan (DPC)
)
(/usr/local/texlive/2019/texmf-dist/tex/latex/graphics-cfg/graphics.cfg
File: graphics.cfg 2016/06/04 v1.11 sample graphics configuration
)
Package graphics Info: Driver file: pdftex.def on input line 99.

(/usr/local/texlive/2019/texmf-dist/tex/latex/graphics-def/pdftex.def
File: pdftex.def 2018/01/08 v1.0l Graphics/color driver for pdftex
))
\Gin@req@height=\dimen111
\Gin@req@width=\dimen112
)
(/usr/local/texlive/2019/texmf-dist/tex/latex/graphics/color.sty
Package: color 2016/07/10 v1.1e Standard LaTeX Color (DPC)

(/usr/local/texlive/2019/texmf-dist/tex/latex/graphics-cfg/color.cfg
File: color.cfg 2016/01/02 v1.6 sample color configuration
)
Package color Info: Driver file: pdftex.def on input line 147.
)
(/usr/local/texlive/2019/texmf-dist/tex/latex/framed/framed.sty
Package: framed 2011/10/22 v 0.96: framed or shaded text with page breaks
\OuterFrameSep=\skip46
\fb@frw=\dimen113
\fb@frh=\dimen114
\FrameRule=\dimen115
\FrameSep=\dimen116
)
(/usr/local/texlive/2019/texmf-dist/tex/latex/base/alltt.sty
Package: alltt 1997/06/16 v2.0g defines alltt environment
)
(/usr/local/texlive/2019/texmf-dist/tex/latex/psnfss/pifont.sty
Package: pifont 2005/04/12 PSNFSS-v9.2a Pi font support (SPQR) 
LaTeX Font Info:    Try loading font information for U+pzd on input line 63.

(/usr/local/texlive/2019/texmf-dist/tex/latex/psnfss/upzd.fd
File: upzd.fd 2001/06/04 font definitions for U/pzd.
)
LaTeX Font Info:    Try loading font information for U+psy on input line 64.

(/usr/local/texlive/2019/texmf-dist/tex/latex/psnfss/upsy.fd
File: upsy.fd 2001/06/04 font definitions for U/psy.
))
(/usr/local/texlive/2019/texmf-dist/tex/latex/natbib/natbib.sty
Package: natbib 2010/09/13 8.31b (PWD, AO)
\bibhang=\skip47
\bibsep=\skip48
LaTeX Info: Redefining \cite on input line 694.
\c@NAT@ctr=\count97
)
(/usr/local/texlive/2019/texmf-dist/tex/latex/graphics/rotating.sty
Package: rotating 2016/08/11 v2.16d rotated objects in LaTeX

(/usr/local/texlive/2019/texmf-dist/tex/latex/base/ifthen.sty
Package: ifthen 2014/09/29 v1.1c Standard LaTeX ifthen package (DPC)
)
\c@r@tfl@t=\count98
\rotFPtop=\skip49
\rotFPbot=\skip50
\rot@float@box=\box29
\rot@mess@toks=\toks15
)
(/usr/local/texlive/2019/texmf-dist/tex/latex/sttools/floatpag.sty
Package: floatpag 2012/05/29 v1.1 Different pagestyles on float pages
Package: floatpag 1999/04/29 FLOAT PAGESTYLE
)
(/usr/local/texlive/2019/texmf-dist/tex/latex/amsmath/amsmath.sty
Package: amsmath 2018/12/01 v2.17b AMS math features
\@mathmargin=\skip51

For additional information on amsmath, use the `?' option.
(/usr/local/texlive/2019/texmf-dist/tex/latex/amsmath/amstext.sty
Package: amstext 2000/06/29 v2.01 AMS text

(/usr/local/texlive/2019/texmf-dist/tex/latex/amsmath/amsgen.sty
File: amsgen.sty 1999/11/30 v2.0 generic functions
\@emptytoks=\toks16
\ex@=\dimen117
))
(/usr/local/texlive/2019/texmf-dist/tex/latex/amsmath/amsbsy.sty
Package: amsbsy 1999/11/29 v1.2d Bold Symbols
\pmbraise@=\dimen118
)
(/usr/local/texlive/2019/texmf-dist/tex/latex/amsmath/amsopn.sty
Package: amsopn 2016/03/08 v2.02 operator names
)
\inf@bad=\count99
LaTeX Info: Redefining \frac on input line 223.
\uproot@=\count100
\leftroot@=\count101
LaTeX Info: Redefining \overline on input line 385.
\classnum@=\count102
\DOTSCASE@=\count103
LaTeX Info: Redefining \ldots on input line 482.
LaTeX Info: Redefining \dots on input line 485.
LaTeX Info: Redefining \cdots on input line 606.
\Mathstrutbox@=\box30
\strutbox@=\box31
\big@size=\dimen119
LaTeX Font Info:    Redeclaring font encoding OML on input line 729.
LaTeX Font Info:    Redeclaring font encoding OMS on input line 730.
\macc@depth=\count104
\c@MaxMatrixCols=\count105
\dotsspace@=\muskip10
\c@parentequation=\count106
\dspbrk@lvl=\count107
\tag@help=\toks17
\row@=\count108
\column@=\count109
\maxfields@=\count110
\andhelp@=\toks18
\eqnshift@=\dimen120
\alignsep@=\dimen121
\tagshift@=\dimen122
\tagwidth@=\dimen123
\totwidth@=\dimen124
\lineht@=\dimen125
\@envbody=\toks19
\multlinegap=\skip52
\multlinetaggap=\skip53
\mathdisplay@stack=\toks20
LaTeX Info: Redefining \[ on input line 2844.
LaTeX Info: Redefining \] on input line 2845.
)
(/usr/local/texlive/2019/texmf-dist/tex/latex/colortbl/colortbl.sty
Package: colortbl 2018/12/12 v1.0d Color table columns (DPC)

(/usr/local/texlive/2019/texmf-dist/tex/latex/tools/array.sty
Package: array 2018/12/30 v2.4k Tabular extension package (FMi)
\col@sep=\dimen126
\ar@mcellbox=\box32
\extrarowheight=\dimen127
\NC@list=\toks21
\extratabsurround=\skip54
\backup@length=\skip55
\ar@cellbox=\box33
)
\everycr=\toks22
\minrowclearance=\skip56
)
(/usr/local/texlive/2019/texmf-dist/tex/latex/threeparttable/threeparttable.sty
Package: threeparttable 2003/06/13  v 3.0
\@tempboxb=\box34
) (/usr/local/texlive/2019/texmf-dist/tex/latex/pgf/frontendlayer/tikz.sty
(/usr/local/texlive/2019/texmf-dist/tex/latex/pgf/basiclayer/pgf.sty
(/usr/local/texlive/2019/texmf-dist/tex/latex/pgf/utilities/pgfrcs.sty
(/usr/local/texlive/2019/texmf-dist/tex/generic/pgf/utilities/pgfutil-common.te
x
\pgfutil@everybye=\toks23
\pgfutil@tempdima=\dimen128
\pgfutil@tempdimb=\dimen129

(/usr/local/texlive/2019/texmf-dist/tex/generic/pgf/utilities/pgfutil-common-li
sts.tex))
(/usr/local/texlive/2019/texmf-dist/tex/generic/pgf/utilities/pgfutil-latex.def
\pgfutil@abb=\box35
(/usr/local/texlive/2019/texmf-dist/tex/latex/ms/everyshi.sty
Package: everyshi 2001/05/15 v3.00 EveryShipout Package (MS)
))
(/usr/local/texlive/2019/texmf-dist/tex/generic/pgf/utilities/pgfrcs.code.tex
(/usr/local/texlive/2019/texmf-dist/tex/generic/pgf/pgf.revision.tex)
Package: pgfrcs 2019/04/04 v3.1.2 (3.1.2)
))
Package: pgf 2019/04/04 v3.1.2 (3.1.2)

(/usr/local/texlive/2019/texmf-dist/tex/latex/pgf/basiclayer/pgfcore.sty
(/usr/local/texlive/2019/texmf-dist/tex/latex/pgf/systemlayer/pgfsys.sty
(/usr/local/texlive/2019/texmf-dist/tex/generic/pgf/systemlayer/pgfsys.code.tex
Package: pgfsys 2019/04/04 v3.1.2 (3.1.2)
(/usr/local/texlive/2019/texmf-dist/tex/generic/pgf/utilities/pgfkeys.code.tex
\pgfkeys@pathtoks=\toks24
\pgfkeys@temptoks=\toks25

(/usr/local/texlive/2019/texmf-dist/tex/generic/pgf/utilities/pgfkeysfiltered.c
ode.tex
\pgfkeys@tmptoks=\toks26
))
\pgf@x=\dimen130
\pgf@y=\dimen131
\pgf@xa=\dimen132
\pgf@ya=\dimen133
\pgf@xb=\dimen134
\pgf@yb=\dimen135
\pgf@xc=\dimen136
\pgf@yc=\dimen137
\w@pgf@writea=\write4
\r@pgf@reada=\read1
\c@pgf@counta=\count111
\c@pgf@countb=\count112
\c@pgf@countc=\count113
\c@pgf@countd=\count114
\t@pgf@toka=\toks27
\t@pgf@tokb=\toks28
\t@pgf@tokc=\toks29
\pgf@sys@id@count=\count115

(/usr/local/texlive/2019/texmf-dist/tex/generic/pgf/systemlayer/pgf.cfg
File: pgf.cfg 2019/04/04 v3.1.2 (3.1.2)
)
Driver file for pgf: pgfsys-pdftex.def

(/usr/local/texlive/2019/texmf-dist/tex/generic/pgf/systemlayer/pgfsys-pdftex.d
ef
File: pgfsys-pdftex.def 2019/04/04 v3.1.2 (3.1.2)

(/usr/local/texlive/2019/texmf-dist/tex/generic/pgf/systemlayer/pgfsys-common-p
df.def
File: pgfsys-common-pdf.def 2019/04/04 v3.1.2 (3.1.2)
)))
(/usr/local/texlive/2019/texmf-dist/tex/generic/pgf/systemlayer/pgfsyssoftpath.
code.tex
File: pgfsyssoftpath.code.tex 2019/04/04 v3.1.2 (3.1.2)
\pgfsyssoftpath@smallbuffer@items=\count116
\pgfsyssoftpath@bigbuffer@items=\count117
)
(/usr/local/texlive/2019/texmf-dist/tex/generic/pgf/systemlayer/pgfsysprotocol.
code.tex
File: pgfsysprotocol.code.tex 2019/04/04 v3.1.2 (3.1.2)
)) (/usr/local/texlive/2019/texmf-dist/tex/latex/xcolor/xcolor.sty
Package: xcolor 2016/05/11 v2.12 LaTeX color extensions (UK)

(/usr/local/texlive/2019/texmf-dist/tex/latex/graphics-cfg/color.cfg
File: color.cfg 2016/01/02 v1.6 sample color configuration
)
Package xcolor Info: Driver file: pdftex.def on input line 225.
LaTeX Info: Redefining \color on input line 709.
Package xcolor Info: Model `cmy' substituted by `cmy0' on input line 1348.
Package xcolor Info: Model `hsb' substituted by `rgb' on input line 1352.
Package xcolor Info: Model `RGB' extended on input line 1364.
Package xcolor Info: Model `HTML' substituted by `rgb' on input line 1366.
Package xcolor Info: Model `Hsb' substituted by `hsb' on input line 1367.
Package xcolor Info: Model `tHsb' substituted by `hsb' on input line 1368.
Package xcolor Info: Model `HSB' substituted by `hsb' on input line 1369.
Package xcolor Info: Model `Gray' substituted by `gray' on input line 1370.
Package xcolor Info: Model `wave' substituted by `hsb' on input line 1371.
)
(/usr/local/texlive/2019/texmf-dist/tex/generic/pgf/basiclayer/pgfcore.code.tex
Package: pgfcore 2019/04/04 v3.1.2 (3.1.2)
(/usr/local/texlive/2019/texmf-dist/tex/generic/pgf/math/pgfmath.code.tex
(/usr/local/texlive/2019/texmf-dist/tex/generic/pgf/math/pgfmathcalc.code.tex
(/usr/local/texlive/2019/texmf-dist/tex/generic/pgf/math/pgfmathutil.code.tex)
(/usr/local/texlive/2019/texmf-dist/tex/generic/pgf/math/pgfmathparser.code.tex
\pgfmath@dimen=\dimen138
\pgfmath@count=\count118
\pgfmath@box=\box36
\pgfmath@toks=\toks30
\pgfmath@stack@operand=\toks31
\pgfmath@stack@operation=\toks32
)
(/usr/local/texlive/2019/texmf-dist/tex/generic/pgf/math/pgfmathfunctions.code.
tex
(/usr/local/texlive/2019/texmf-dist/tex/generic/pgf/math/pgfmathfunctions.basic
.code.tex)
(/usr/local/texlive/2019/texmf-dist/tex/generic/pgf/math/pgfmathfunctions.trigo
nometric.code.tex)
(/usr/local/texlive/2019/texmf-dist/tex/generic/pgf/math/pgfmathfunctions.rando
m.code.tex)
(/usr/local/texlive/2019/texmf-dist/tex/generic/pgf/math/pgfmathfunctions.compa
rison.code.tex)
(/usr/local/texlive/2019/texmf-dist/tex/generic/pgf/math/pgfmathfunctions.base.
code.tex)
(/usr/local/texlive/2019/texmf-dist/tex/generic/pgf/math/pgfmathfunctions.round
.code.tex)
(/usr/local/texlive/2019/texmf-dist/tex/generic/pgf/math/pgfmathfunctions.misc.
code.tex)
(/usr/local/texlive/2019/texmf-dist/tex/generic/pgf/math/pgfmathfunctions.integ
erarithmetics.code.tex)))
(/usr/local/texlive/2019/texmf-dist/tex/generic/pgf/math/pgfmathfloat.code.tex
\c@pgfmathroundto@lastzeros=\count119
))
(/usr/local/texlive/2019/texmf-dist/tex/generic/pgf/basiclayer/pgfcorepoints.co
de.tex
File: pgfcorepoints.code.tex 2019/04/04 v3.1.2 (3.1.2)
\pgf@picminx=\dimen139
\pgf@picmaxx=\dimen140
\pgf@picminy=\dimen141
\pgf@picmaxy=\dimen142
\pgf@pathminx=\dimen143
\pgf@pathmaxx=\dimen144
\pgf@pathminy=\dimen145
\pgf@pathmaxy=\dimen146
\pgf@xx=\dimen147
\pgf@xy=\dimen148
\pgf@yx=\dimen149
\pgf@yy=\dimen150
\pgf@zx=\dimen151
\pgf@zy=\dimen152
)
(/usr/local/texlive/2019/texmf-dist/tex/generic/pgf/basiclayer/pgfcorepathconst
ruct.code.tex
File: pgfcorepathconstruct.code.tex 2019/04/04 v3.1.2 (3.1.2)
\pgf@path@lastx=\dimen153
\pgf@path@lasty=\dimen154
)
(/usr/local/texlive/2019/texmf-dist/tex/generic/pgf/basiclayer/pgfcorepathusage
.code.tex
File: pgfcorepathusage.code.tex 2019/04/04 v3.1.2 (3.1.2)
\pgf@shorten@end@additional=\dimen155
\pgf@shorten@start@additional=\dimen156
)
(/usr/local/texlive/2019/texmf-dist/tex/generic/pgf/basiclayer/pgfcorescopes.co
de.tex
File: pgfcorescopes.code.tex 2019/04/04 v3.1.2 (3.1.2)
\pgfpic=\box37
\pgf@hbox=\box38
\pgf@layerbox@main=\box39
\pgf@picture@serial@count=\count120
)
(/usr/local/texlive/2019/texmf-dist/tex/generic/pgf/basiclayer/pgfcoregraphicst
ate.code.tex
File: pgfcoregraphicstate.code.tex 2019/04/04 v3.1.2 (3.1.2)
\pgflinewidth=\dimen157
)
(/usr/local/texlive/2019/texmf-dist/tex/generic/pgf/basiclayer/pgfcoretransform
ations.code.tex
File: pgfcoretransformations.code.tex 2019/04/04 v3.1.2 (3.1.2)
\pgf@pt@x=\dimen158
\pgf@pt@y=\dimen159
\pgf@pt@temp=\dimen160
)
(/usr/local/texlive/2019/texmf-dist/tex/generic/pgf/basiclayer/pgfcorequick.cod
e.tex
File: pgfcorequick.code.tex 2019/04/04 v3.1.2 (3.1.2)
)
(/usr/local/texlive/2019/texmf-dist/tex/generic/pgf/basiclayer/pgfcoreobjects.c
ode.tex
File: pgfcoreobjects.code.tex 2019/04/04 v3.1.2 (3.1.2)
)
(/usr/local/texlive/2019/texmf-dist/tex/generic/pgf/basiclayer/pgfcorepathproce
ssing.code.tex
File: pgfcorepathprocessing.code.tex 2019/04/04 v3.1.2 (3.1.2)
)
(/usr/local/texlive/2019/texmf-dist/tex/generic/pgf/basiclayer/pgfcorearrows.co
de.tex
File: pgfcorearrows.code.tex 2019/04/04 v3.1.2 (3.1.2)
\pgfarrowsep=\dimen161
)
(/usr/local/texlive/2019/texmf-dist/tex/generic/pgf/basiclayer/pgfcoreshade.cod
e.tex
File: pgfcoreshade.code.tex 2019/04/04 v3.1.2 (3.1.2)
\pgf@max=\dimen162
\pgf@sys@shading@range@num=\count121
\pgf@shadingcount=\count122
)
(/usr/local/texlive/2019/texmf-dist/tex/generic/pgf/basiclayer/pgfcoreimage.cod
e.tex
File: pgfcoreimage.code.tex 2019/04/04 v3.1.2 (3.1.2)

(/usr/local/texlive/2019/texmf-dist/tex/generic/pgf/basiclayer/pgfcoreexternal.
code.tex
File: pgfcoreexternal.code.tex 2019/04/04 v3.1.2 (3.1.2)
\pgfexternal@startupbox=\box40
))
(/usr/local/texlive/2019/texmf-dist/tex/generic/pgf/basiclayer/pgfcorelayers.co
de.tex
File: pgfcorelayers.code.tex 2019/04/04 v3.1.2 (3.1.2)
)
(/usr/local/texlive/2019/texmf-dist/tex/generic/pgf/basiclayer/pgfcoretranspare
ncy.code.tex
File: pgfcoretransparency.code.tex 2019/04/04 v3.1.2 (3.1.2)
)
(/usr/local/texlive/2019/texmf-dist/tex/generic/pgf/basiclayer/pgfcorepatterns.
code.tex
File: pgfcorepatterns.code.tex 2019/04/04 v3.1.2 (3.1.2)
)
(/usr/local/texlive/2019/texmf-dist/tex/generic/pgf/basiclayer/pgfcorerdf.code.
tex
File: pgfcorerdf.code.tex 2019/04/04 v3.1.2 (3.1.2)
)))
(/usr/local/texlive/2019/texmf-dist/tex/generic/pgf/modules/pgfmoduleshapes.cod
e.tex
File: pgfmoduleshapes.code.tex 2019/04/04 v3.1.2 (3.1.2)
\pgfnodeparttextbox=\box41
)
(/usr/local/texlive/2019/texmf-dist/tex/generic/pgf/modules/pgfmoduleplot.code.
tex
File: pgfmoduleplot.code.tex 2019/04/04 v3.1.2 (3.1.2)
)
(/usr/local/texlive/2019/texmf-dist/tex/latex/pgf/compatibility/pgfcomp-version
-0-65.sty
Package: pgfcomp-version-0-65 2019/04/04 v3.1.2 (3.1.2)
\pgf@nodesepstart=\dimen163
\pgf@nodesepend=\dimen164
)
(/usr/local/texlive/2019/texmf-dist/tex/latex/pgf/compatibility/pgfcomp-version
-1-18.sty
Package: pgfcomp-version-1-18 2019/04/04 v3.1.2 (3.1.2)
))
(/usr/local/texlive/2019/texmf-dist/tex/latex/pgf/utilities/pgffor.sty
(/usr/local/texlive/2019/texmf-dist/tex/latex/pgf/utilities/pgfkeys.sty
(/usr/local/texlive/2019/texmf-dist/tex/generic/pgf/utilities/pgfkeys.code.tex)
) (/usr/local/texlive/2019/texmf-dist/tex/latex/pgf/math/pgfmath.sty
(/usr/local/texlive/2019/texmf-dist/tex/generic/pgf/math/pgfmath.code.tex))
(/usr/local/texlive/2019/texmf-dist/tex/generic/pgf/utilities/pgffor.code.tex
Package: pgffor 2019/04/04 v3.1.2 (3.1.2)

(/usr/local/texlive/2019/texmf-dist/tex/generic/pgf/math/pgfmath.code.tex)
\pgffor@iter=\dimen165
\pgffor@skip=\dimen166
\pgffor@stack=\toks33
\pgffor@toks=\toks34
))
(/usr/local/texlive/2019/texmf-dist/tex/generic/pgf/frontendlayer/tikz/tikz.cod
e.tex
Package: tikz 2019/04/04 v3.1.2 (3.1.2)

(/usr/local/texlive/2019/texmf-dist/tex/generic/pgf/libraries/pgflibraryplothan
dlers.code.tex
File: pgflibraryplothandlers.code.tex 2019/04/04 v3.1.2 (3.1.2)
\pgf@plot@mark@count=\count123
\pgfplotmarksize=\dimen167
)
\tikz@lastx=\dimen168
\tikz@lasty=\dimen169
\tikz@lastxsaved=\dimen170
\tikz@lastysaved=\dimen171
\tikzleveldistance=\dimen172
\tikzsiblingdistance=\dimen173
\tikz@figbox=\box42
\tikz@figbox@bg=\box43
\tikz@tempbox=\box44
\tikz@tempbox@bg=\box45
\tikztreelevel=\count124
\tikznumberofchildren=\count125
\tikznumberofcurrentchild=\count126
\tikz@fig@count=\count127

(/usr/local/texlive/2019/texmf-dist/tex/generic/pgf/modules/pgfmodulematrix.cod
e.tex
File: pgfmodulematrix.code.tex 2019/04/04 v3.1.2 (3.1.2)
\pgfmatrixcurrentrow=\count128
\pgfmatrixcurrentcolumn=\count129
\pgf@matrix@numberofcolumns=\count130
)
\tikz@expandcount=\count131

(/usr/local/texlive/2019/texmf-dist/tex/generic/pgf/frontendlayer/tikz/librarie
s/tikzlibrarytopaths.code.tex
File: tikzlibrarytopaths.code.tex 2019/04/04 v3.1.2 (3.1.2)
)))
(/usr/local/texlive/2019/texmf-dist/tex/latex/multirow/multirow.sty
Package: multirow 2019/01/01 v2.4 Span multiple rows of a table
\multirow@colwidth=\skip57
\multirow@cntb=\count132
\multirow@dima=\skip58
\bigstrutjot=\dimen174
)
(/usr/local/texlive/2019/texmf-dist/tex/latex/appendix/appendix.sty
Package: appendix 2009/09/02 v1.2b extra appendix facilities
\c@@pps=\count133
\c@@ppsavesec=\count134
\c@@ppsaveapp=\count135
)
(/usr/local/texlive/2019/texmf-dist/tex/latex/etoolbox/etoolbox.sty
Package: etoolbox 2018/08/19 v2.5f e-TeX tools for LaTeX (JAW)
\etb@tempcnta=\count136
)
(/usr/local/texlive/2019/texmf-dist/tex/latex/algorithm2e/algorithm2e.sty
Package: algorithm2e 2017/07/18 v5.2 algorithms environments
\c@AlgoLine=\count137
\algocf@hangindent=\skip59

(/usr/local/texlive/2019/texmf-dist/tex/latex/ifoddpage/ifoddpage.sty
Package: ifoddpage 2016/04/23 v1.1 Conditionals for odd/even page detection
\c@checkoddpage=\count138
)
(/usr/local/texlive/2019/texmf-dist/tex/latex/tools/xspace.sty
Package: xspace 2014/10/28 v1.13 Space after command names (DPC,MH)
)
(/usr/local/texlive/2019/texmf-dist/tex/latex/relsize/relsize.sty
Package: relsize 2013/03/29 ver 4.1
)
\skiptotal=\skip60
\skiplinenumber=\skip61
\skiprule=\skip62
\skiphlne=\skip63
\skiptext=\skip64
\skiplength=\skip65
\algomargin=\skip66
\skipalgocfslide=\skip67
\algowidth=\dimen175
\inoutsize=\dimen176
\inoutindent=\dimen177
\interspacetitleruled=\dimen178
\interspacealgoruled=\dimen179
\interspacetitleboxruled=\dimen180
\algocf@ruledwidth=\skip68
\algocf@inoutbox=\box46
\algocf@inputbox=\box47
\AlCapSkip=\skip69
\AlCapHSkip=\skip70
\algoskipindent=\skip71
\algocf@nlbox=\box48
\algocf@hangingbox=\box49
\algocf@untilbox=\box50
\algocf@skipuntil=\skip72
\algocf@capbox=\box51
\algocf@lcaptionbox=\skip73
\algoheightruledefault=\skip74
\algoheightrule=\skip75
\algotitleheightruledefault=\skip76
\algotitleheightrule=\skip77
\c@algocfline=\count139
\c@algocfproc=\count140
\c@algocf=\count141
\algocf@algoframe=\box52
\algocf@algobox=\box53
)
(/usr/local/texlive/2019/texmf-dist/tex/latex/txfonts/txfonts.sty
Package: txfonts 2008/01/22 v3.2.1
LaTeX Font Info:    Redeclaring symbol font `operators' on input line 21.
LaTeX Font Info:    Overwriting symbol font `operators' in version `normal'
(Font)                  OT1/cmr/m/n --> OT1/txr/m/n on input line 21.
LaTeX Font Info:    Overwriting symbol font `operators' in version `bold'
(Font)                  OT1/cmr/bx/n --> OT1/txr/m/n on input line 21.
LaTeX Font Info:    Overwriting symbol font `operators' in version `bold'
(Font)                  OT1/txr/m/n --> OT1/txr/bx/n on input line 22.
\symitalic=\mathgroup4
LaTeX Font Info:    Overwriting symbol font `italic' in version `bold'
(Font)                  OT1/txr/m/it --> OT1/txr/bx/it on input line 26.
LaTeX Font Info:    Redeclaring math alphabet \mathbf on input line 29.
LaTeX Font Info:    Overwriting math alphabet `\mathbf' in version `normal'
(Font)                  OT1/cmr/bx/n --> OT1/txr/bx/n on input line 29.
LaTeX Font Info:    Overwriting math alphabet `\mathbf' in version `bold'
(Font)                  OT1/cmr/bx/n --> OT1/txr/bx/n on input line 29.
LaTeX Font Info:    Redeclaring math alphabet \mathit on input line 30.
LaTeX Font Info:    Overwriting math alphabet `\mathit' in version `normal'
(Font)                  OT1/cmr/m/it --> OT1/txr/m/it on input line 30.
LaTeX Font Info:    Overwriting math alphabet `\mathit' in version `bold'
(Font)                  OT1/cmr/bx/it --> OT1/txr/m/it on input line 30.
LaTeX Font Info:    Overwriting math alphabet `\mathit' in version `bold'
(Font)                  OT1/txr/m/it --> OT1/txr/bx/it on input line 31.
LaTeX Font Info:    Redeclaring math alphabet \mathsf on input line 40.
LaTeX Font Info:    Overwriting math alphabet `\mathsf' in version `normal'
(Font)                  OT1/cmss/m/n --> OT1/txss/m/n on input line 40.
LaTeX Font Info:    Overwriting math alphabet `\mathsf' in version `bold'
(Font)                  OT1/cmss/bx/n --> OT1/txss/m/n on input line 40.
LaTeX Font Info:    Overwriting math alphabet `\mathsf' in version `bold'
(Font)                  OT1/txss/m/n --> OT1/txss/b/n on input line 41.
LaTeX Font Info:    Redeclaring math alphabet \mathtt on input line 50.
LaTeX Font Info:    Overwriting math alphabet `\mathtt' in version `normal'
(Font)                  OT1/cmtt/m/n --> OT1/txtt/m/n on input line 50.
LaTeX Font Info:    Overwriting math alphabet `\mathtt' in version `bold'
(Font)                  OT1/cmtt/m/n --> OT1/txtt/m/n on input line 50.
LaTeX Font Info:    Overwriting math alphabet `\mathtt' in version `bold'
(Font)                  OT1/txtt/m/n --> OT1/txtt/b/n on input line 51.
LaTeX Font Info:    Redeclaring symbol font `letters' on input line 58.
LaTeX Font Info:    Overwriting symbol font `letters' in version `normal'
(Font)                  OML/cmm/m/it --> OML/txmi/m/it on input line 58.
LaTeX Font Info:    Overwriting symbol font `letters' in version `bold'
(Font)                  OML/cmm/b/it --> OML/txmi/m/it on input line 58.
LaTeX Font Info:    Overwriting symbol font `letters' in version `bold'
(Font)                  OML/txmi/m/it --> OML/txmi/bx/it on input line 59.
\symlettersA=\mathgroup5
LaTeX Font Info:    Overwriting symbol font `lettersA' in version `bold'
(Font)                  U/txmia/m/it --> U/txmia/bx/it on input line 67.
LaTeX Font Info:    Redeclaring symbol font `symbols' on input line 77.
LaTeX Font Info:    Overwriting symbol font `symbols' in version `normal'
(Font)                  OMS/cmsy/m/n --> OMS/txsy/m/n on input line 77.
LaTeX Font Info:    Overwriting symbol font `symbols' in version `bold'
(Font)                  OMS/cmsy/b/n --> OMS/txsy/m/n on input line 77.
LaTeX Font Info:    Overwriting symbol font `symbols' in version `bold'
(Font)                  OMS/txsy/m/n --> OMS/txsy/bx/n on input line 78.
\symAMSa=\mathgroup6
LaTeX Font Info:    Overwriting symbol font `AMSa' in version `bold'
(Font)                  U/txsya/m/n --> U/txsya/bx/n on input line 94.
\symAMSb=\mathgroup7
LaTeX Font Info:    Overwriting symbol font `AMSb' in version `bold'
(Font)                  U/txsyb/m/n --> U/txsyb/bx/n on input line 103.
\symsymbolsC=\mathgroup8
LaTeX Font Info:    Overwriting symbol font `symbolsC' in version `bold'
(Font)                  U/txsyc/m/n --> U/txsyc/bx/n on input line 113.
LaTeX Font Info:    Redeclaring symbol font `largesymbols' on input line 120.
LaTeX Font Info:    Overwriting symbol font `largesymbols' in version `normal'
(Font)                  OMX/cmex/m/n --> OMX/txex/m/n on input line 120.
LaTeX Font Info:    Overwriting symbol font `largesymbols' in version `bold'
(Font)                  OMX/cmex/m/n --> OMX/txex/m/n on input line 120.
LaTeX Font Info:    Overwriting symbol font `largesymbols' in version `bold'
(Font)                  OMX/txex/m/n --> OMX/txex/bx/n on input line 121.
\symlargesymbolsA=\mathgroup9
LaTeX Font Info:    Overwriting symbol font `largesymbolsA' in version `bold'
(Font)                  U/txexa/m/n --> U/txexa/bx/n on input line 129.
LaTeX Info: Redefining \not on input line 1043.
)
(/usr/local/texlive/2019/texmf-dist/tex/latex/base/makeidx.sty
Package: makeidx 2014/09/29 v1.0m Standard LaTeX package
)
\@indexfile=\write5
\openout5 = `VasishthEngelmannSCCP.idx'.


Writing index file VasishthEngelmannSCCP.idx
(/usr/local/texlive/2019/texmf-dist/tex/latex/gb4e/gb4e.sty
(/usr/local/texlive/2019/texmf-dist/tex/latex/gb4e/cgloss4e.sty
\lineone=\box54
\linetwo=\box55
\linethree=\box56
\wordone=\box57
\wordtwo=\box58
\wordthree=\box59
\gline=\box60
\glossglue=\skip78
)
\c@fnx=\count142
\@xnumdepth=\count143
\c@xnumi=\count144
\c@xnumii=\count145
\c@xnumiii=\count146
\c@xnumiv=\count147
\c@exx=\count148
\c@rxnumi=\count149
\c@rxnumii=\count150
\c@rxnumiii=\count151
\c@rxnumiv=\count152
\lcommentsep=\skip79
)
(/usr/local/texlive/2019/texmf-dist/tex/latex/hyperref/hyperref.sty
Package: hyperref 2018/11/30 v6.88e Hypertext links for LaTeX

(/usr/local/texlive/2019/texmf-dist/tex/generic/oberdiek/hobsub-hyperref.sty
Package: hobsub-hyperref 2016/05/16 v1.14 Bundle oberdiek, subset hyperref (HO)


(/usr/local/texlive/2019/texmf-dist/tex/generic/oberdiek/hobsub-generic.sty
Package: hobsub-generic 2016/05/16 v1.14 Bundle oberdiek, subset generic (HO)
Package: hobsub 2016/05/16 v1.14 Construct package bundles (HO)
Package: infwarerr 2016/05/16 v1.4 Providing info/warning/error messages (HO)
Package: ltxcmds 2016/05/16 v1.23 LaTeX kernel commands for general use (HO)
Package: ifluatex 2016/05/16 v1.4 Provides the ifluatex switch (HO)
Package ifluatex Info: LuaTeX not detected.
Package: ifvtex 2016/05/16 v1.6 Detect VTeX and its facilities (HO)
Package ifvtex Info: VTeX not detected.
Package: intcalc 2016/05/16 v1.2 Expandable calculations with integers (HO)
Package: ifpdf 2018/09/07 v3.3 Provides the ifpdf switch
Package: etexcmds 2016/05/16 v1.6 Avoid name clashes with e-TeX commands (HO)
Package: kvsetkeys 2016/05/16 v1.17 Key value parser (HO)
Package: kvdefinekeys 2016/05/16 v1.4 Define keys (HO)
Package: pdftexcmds 2018/09/10 v0.29 Utility functions of pdfTeX for LuaTeX (HO
)
Package pdftexcmds Info: LuaTeX not detected.
Package pdftexcmds Info: \pdf@primitive is available.
Package pdftexcmds Info: \pdf@ifprimitive is available.
Package pdftexcmds Info: \pdfdraftmode found.
Package: pdfescape 2016/05/16 v1.14 Implements pdfTeX's escape features (HO)
Package: bigintcalc 2016/05/16 v1.4 Expandable calculations on big integers (HO
)
Package: bitset 2016/05/16 v1.2 Handle bit-vector datatype (HO)
Package: uniquecounter 2016/05/16 v1.3 Provide unlimited unique counter (HO)
)
Package hobsub Info: Skipping package `hobsub' (already loaded).
Package: letltxmacro 2016/05/16 v1.5 Let assignment for LaTeX macros (HO)
Package: hopatch 2016/05/16 v1.3 Wrapper for package hooks (HO)
Package: xcolor-patch 2016/05/16 xcolor patch
Package: atveryend 2016/05/16 v1.9 Hooks at the very end of document (HO)
Package: atbegshi 2016/06/09 v1.18 At begin shipout hook (HO)
Package: refcount 2016/05/16 v3.5 Data extraction from label references (HO)
Package: hycolor 2016/05/16 v1.8 Color options for hyperref/bookmark (HO)
)
(/usr/local/texlive/2019/texmf-dist/tex/generic/ifxetex/ifxetex.sty
Package: ifxetex 2010/09/12 v0.6 Provides ifxetex conditional
)
(/usr/local/texlive/2019/texmf-dist/tex/latex/oberdiek/auxhook.sty
Package: auxhook 2016/05/16 v1.4 Hooks for auxiliary files (HO)
)
(/usr/local/texlive/2019/texmf-dist/tex/latex/oberdiek/kvoptions.sty
Package: kvoptions 2016/05/16 v3.12 Key value format for package options (HO)
)
\@linkdim=\dimen181
\Hy@linkcounter=\count153
\Hy@pagecounter=\count154

(/usr/local/texlive/2019/texmf-dist/tex/latex/hyperref/pd1enc.def
File: pd1enc.def 2018/11/30 v6.88e Hyperref: PDFDocEncoding definition (HO)
Now handling font encoding PD1 ...
... no UTF-8 mapping file for font encoding PD1
)
\Hy@SavedSpaceFactor=\count155

(/usr/local/texlive/2019/texmf-dist/tex/latex/latexconfig/hyperref.cfg
File: hyperref.cfg 2002/06/06 v1.2 hyperref configuration of TeXLive
)
Package hyperref Info: Hyper figures OFF on input line 4519.
Package hyperref Info: Link nesting OFF on input line 4524.
Package hyperref Info: Hyper index ON on input line 4527.
Package hyperref Info: Plain pages OFF on input line 4534.
Package hyperref Info: Backreferencing OFF on input line 4539.
Package hyperref Info: Implicit mode ON; LaTeX internals redefined.
Package hyperref Info: Bookmarks ON on input line 4772.
\c@Hy@tempcnt=\count156

(/usr/local/texlive/2019/texmf-dist/tex/latex/url/url.sty
\Urlmuskip=\muskip11
Package: url 2013/09/16  ver 3.4  Verb mode for urls, etc.
)
LaTeX Info: Redefining \url on input line 5125.
\XeTeXLinkMargin=\dimen182
\Fld@menulength=\count157
\Field@Width=\dimen183
\Fld@charsize=\dimen184
Package hyperref Info: Hyper figures OFF on input line 6380.
Package hyperref Info: Link nesting OFF on input line 6385.
Package hyperref Info: Hyper index ON on input line 6388.
Package hyperref Info: backreferencing OFF on input line 6395.
Package hyperref Info: Link coloring OFF on input line 6400.
Package hyperref Info: Link coloring with OCG OFF on input line 6405.
Package hyperref Info: PDF/A mode OFF on input line 6410.
LaTeX Info: Redefining \ref on input line 6450.
LaTeX Info: Redefining \pageref on input line 6454.
\Hy@abspage=\count158
\c@Item=\count159
\c@Hfootnote=\count160
)
Package hyperref Info: Driver (autodetected): hpdftex.

(/usr/local/texlive/2019/texmf-dist/tex/latex/hyperref/hpdftex.def
File: hpdftex.def 2018/11/30 v6.88e Hyperref driver for pdfTeX
\Fld@listcount=\count161
\c@bookmark@seq@number=\count162

(/usr/local/texlive/2019/texmf-dist/tex/latex/oberdiek/rerunfilecheck.sty
Package: rerunfilecheck 2016/05/16 v1.8 Rerun checks for auxiliary files (HO)
Package uniquecounter Info: New unique counter `rerunfilecheck' on input line 2
82.
)
\Hy@SectionHShift=\skip80
)
Package hyperref Info: Option `colorlinks' set `false' on input line 156.

(/usr/local/texlive/2019/texmf-dist/tex/latex/upquote/upquote.sty
Package: upquote 2012/04/19 v1.3 upright-quote and grave-accent glyphs in verba
tim

(/usr/local/texlive/2019/texmf-dist/tex/latex/base/textcomp.sty
Package: textcomp 2018/08/11 v2.0j Standard LaTeX package
Package textcomp Info: Sub-encoding information:
(textcomp)               5 = only ISO-Adobe without \textcurrency
(textcomp)               4 = 5 + \texteuro
(textcomp)               3 = 4 + \textohm
(textcomp)               2 = 3 + \textestimated + \textcurrency
(textcomp)               1 = TS1 - \textcircled - \t
(textcomp)               0 = TS1 (full)
(textcomp)             Font families with sub-encoding setting implement
(textcomp)             only a restricted character set as indicated.
(textcomp)             Family '?' is the default used for unknown fonts.
(textcomp)             See the documentation for details.
Package textcomp Info: Setting ? sub-encoding to TS1/1 on input line 79.

(/usr/local/texlive/2019/texmf-dist/tex/latex/base/ts1enc.def
File: ts1enc.def 2001/06/05 v3.0e (jk/car/fm) Standard LaTeX file
Now handling font encoding TS1 ...
... processing UTF-8 mapping file for font encoding TS1

(/usr/local/texlive/2019/texmf-dist/tex/latex/base/ts1enc.dfu
File: ts1enc.dfu 2018/10/05 v1.2f UTF-8 support for inputenc
   defining Unicode char U+00A2 (decimal 162)
   defining Unicode char U+00A3 (decimal 163)
   defining Unicode char U+00A4 (decimal 164)
   defining Unicode char U+00A5 (decimal 165)
   defining Unicode char U+00A6 (decimal 166)
   defining Unicode char U+00A7 (decimal 167)
   defining Unicode char U+00A8 (decimal 168)
   defining Unicode char U+00A9 (decimal 169)
   defining Unicode char U+00AA (decimal 170)
   defining Unicode char U+00AC (decimal 172)
   defining Unicode char U+00AE (decimal 174)
   defining Unicode char U+00AF (decimal 175)
   defining Unicode char U+00B0 (decimal 176)
   defining Unicode char U+00B1 (decimal 177)
   defining Unicode char U+00B2 (decimal 178)
   defining Unicode char U+00B3 (decimal 179)
   defining Unicode char U+00B4 (decimal 180)
   defining Unicode char U+00B5 (decimal 181)
   defining Unicode char U+00B6 (decimal 182)
   defining Unicode char U+00B7 (decimal 183)
   defining Unicode char U+00B9 (decimal 185)
   defining Unicode char U+00BA (decimal 186)
   defining Unicode char U+00BC (decimal 188)
   defining Unicode char U+00BD (decimal 189)
   defining Unicode char U+00BE (decimal 190)
   defining Unicode char U+00D7 (decimal 215)
   defining Unicode char U+00F7 (decimal 247)
   defining Unicode char U+0192 (decimal 402)
   defining Unicode char U+02C7 (decimal 711)
   defining Unicode char U+02D8 (decimal 728)
   defining Unicode char U+02DD (decimal 733)
   defining Unicode char U+0E3F (decimal 3647)
   defining Unicode char U+2016 (decimal 8214)
   defining Unicode char U+2020 (decimal 8224)
   defining Unicode char U+2021 (decimal 8225)
   defining Unicode char U+2022 (decimal 8226)
   defining Unicode char U+2030 (decimal 8240)
   defining Unicode char U+2031 (decimal 8241)
   defining Unicode char U+203B (decimal 8251)
   defining Unicode char U+203D (decimal 8253)
   defining Unicode char U+2044 (decimal 8260)
   defining Unicode char U+204E (decimal 8270)
   defining Unicode char U+2052 (decimal 8274)
   defining Unicode char U+20A1 (decimal 8353)
   defining Unicode char U+20A4 (decimal 8356)
   defining Unicode char U+20A6 (decimal 8358)
   defining Unicode char U+20A9 (decimal 8361)
   defining Unicode char U+20AB (decimal 8363)
   defining Unicode char U+20AC (decimal 8364)
   defining Unicode char U+20B1 (decimal 8369)
   defining Unicode char U+2103 (decimal 8451)
   defining Unicode char U+2116 (decimal 8470)
   defining Unicode char U+2117 (decimal 8471)
   defining Unicode char U+211E (decimal 8478)
   defining Unicode char U+2120 (decimal 8480)
   defining Unicode char U+2122 (decimal 8482)
   defining Unicode char U+2126 (decimal 8486)
   defining Unicode char U+2127 (decimal 8487)
   defining Unicode char U+212E (decimal 8494)
   defining Unicode char U+2190 (decimal 8592)
   defining Unicode char U+2191 (decimal 8593)
   defining Unicode char U+2192 (decimal 8594)
   defining Unicode char U+2193 (decimal 8595)
   defining Unicode char U+2329 (decimal 9001)
   defining Unicode char U+232A (decimal 9002)
   defining Unicode char U+2422 (decimal 9250)
   defining Unicode char U+25E6 (decimal 9702)
   defining Unicode char U+25EF (decimal 9711)
   defining Unicode char U+266A (decimal 9834)
   defining Unicode char U+FEFF (decimal 65279)
))
LaTeX Info: Redefining \oldstylenums on input line 334.
Package textcomp Info: Setting cmr sub-encoding to TS1/0 on input line 349.
Package textcomp Info: Setting cmss sub-encoding to TS1/0 on input line 350.
Package textcomp Info: Setting cmtt sub-encoding to TS1/0 on input line 351.
Package textcomp Info: Setting cmvtt sub-encoding to TS1/0 on input line 352.
Package textcomp Info: Setting cmbr sub-encoding to TS1/0 on input line 353.
Package textcomp Info: Setting cmtl sub-encoding to TS1/0 on input line 354.
Package textcomp Info: Setting ccr sub-encoding to TS1/0 on input line 355.
Package textcomp Info: Setting ptm sub-encoding to TS1/4 on input line 356.
Package textcomp Info: Setting pcr sub-encoding to TS1/4 on input line 357.
Package textcomp Info: Setting phv sub-encoding to TS1/4 on input line 358.
Package textcomp Info: Setting ppl sub-encoding to TS1/3 on input line 359.
Package textcomp Info: Setting pag sub-encoding to TS1/4 on input line 360.
Package textcomp Info: Setting pbk sub-encoding to TS1/4 on input line 361.
Package textcomp Info: Setting pnc sub-encoding to TS1/4 on input line 362.
Package textcomp Info: Setting pzc sub-encoding to TS1/4 on input line 363.
Package textcomp Info: Setting bch sub-encoding to TS1/4 on input line 364.
Package textcomp Info: Setting put sub-encoding to TS1/5 on input line 365.
Package textcomp Info: Setting uag sub-encoding to TS1/5 on input line 366.
Package textcomp Info: Setting ugq sub-encoding to TS1/5 on input line 367.
Package textcomp Info: Setting ul8 sub-encoding to TS1/4 on input line 368.
Package textcomp Info: Setting ul9 sub-encoding to TS1/4 on input line 369.
Package textcomp Info: Setting augie sub-encoding to TS1/5 on input line 370.
Package textcomp Info: Setting dayrom sub-encoding to TS1/3 on input line 371.
Package textcomp Info: Setting dayroms sub-encoding to TS1/3 on input line 372.

Package textcomp Info: Setting pxr sub-encoding to TS1/0 on input line 373.
Package textcomp Info: Setting pxss sub-encoding to TS1/0 on input line 374.
Package textcomp Info: Setting pxtt sub-encoding to TS1/0 on input line 375.
Package textcomp Info: Setting txr sub-encoding to TS1/0 on input line 376.
Package textcomp Info: Setting txss sub-encoding to TS1/0 on input line 377.
Package textcomp Info: Setting txtt sub-encoding to TS1/0 on input line 378.
Package textcomp Info: Setting lmr sub-encoding to TS1/0 on input line 379.
Package textcomp Info: Setting lmdh sub-encoding to TS1/0 on input line 380.
Package textcomp Info: Setting lmss sub-encoding to TS1/0 on input line 381.
Package textcomp Info: Setting lmssq sub-encoding to TS1/0 on input line 382.
Package textcomp Info: Setting lmvtt sub-encoding to TS1/0 on input line 383.
Package textcomp Info: Setting lmtt sub-encoding to TS1/0 on input line 384.
Package textcomp Info: Setting qhv sub-encoding to TS1/0 on input line 385.
Package textcomp Info: Setting qag sub-encoding to TS1/0 on input line 386.
Package textcomp Info: Setting qbk sub-encoding to TS1/0 on input line 387.
Package textcomp Info: Setting qcr sub-encoding to TS1/0 on input line 388.
Package textcomp Info: Setting qcs sub-encoding to TS1/0 on input line 389.
Package textcomp Info: Setting qpl sub-encoding to TS1/0 on input line 390.
Package textcomp Info: Setting qtm sub-encoding to TS1/0 on input line 391.
Package textcomp Info: Setting qzc sub-encoding to TS1/0 on input line 392.
Package textcomp Info: Setting qhvc sub-encoding to TS1/0 on input line 393.
Package textcomp Info: Setting futs sub-encoding to TS1/4 on input line 394.
Package textcomp Info: Setting futx sub-encoding to TS1/4 on input line 395.
Package textcomp Info: Setting futj sub-encoding to TS1/4 on input line 396.
Package textcomp Info: Setting hlh sub-encoding to TS1/3 on input line 397.
Package textcomp Info: Setting hls sub-encoding to TS1/3 on input line 398.
Package textcomp Info: Setting hlst sub-encoding to TS1/3 on input line 399.
Package textcomp Info: Setting hlct sub-encoding to TS1/5 on input line 400.
Package textcomp Info: Setting hlx sub-encoding to TS1/5 on input line 401.
Package textcomp Info: Setting hlce sub-encoding to TS1/5 on input line 402.
Package textcomp Info: Setting hlcn sub-encoding to TS1/5 on input line 403.
Package textcomp Info: Setting hlcw sub-encoding to TS1/5 on input line 404.
Package textcomp Info: Setting hlcf sub-encoding to TS1/5 on input line 405.
Package textcomp Info: Setting pplx sub-encoding to TS1/3 on input line 406.
Package textcomp Info: Setting pplj sub-encoding to TS1/3 on input line 407.
Package textcomp Info: Setting ptmx sub-encoding to TS1/4 on input line 408.
Package textcomp Info: Setting ptmj sub-encoding to TS1/4 on input line 409.
))
(./VasishthEngelmannSCCP.aux (./c00acksccp.aux) (./c00forewordsccp.aux)
(./c00prefacesccp.aux))
\openout1 = `VasishthEngelmannSCCP.aux'.

LaTeX Font Info:    Checking defaults for OML/txmi/m/it on input line 158.
LaTeX Font Info:    Try loading font information for OML+txmi on input line 158
.

(/usr/local/texlive/2019/texmf-dist/tex/latex/txfonts/omltxmi.fd
File: omltxmi.fd 2000/12/15 v3.1
)
LaTeX Font Info:    ... okay on input line 158.
LaTeX Font Info:    Checking defaults for T1/cmr/m/n on input line 158.
LaTeX Font Info:    ... okay on input line 158.
LaTeX Font Info:    Checking defaults for OT1/cmr/m/n on input line 158.
LaTeX Font Info:    ... okay on input line 158.
LaTeX Font Info:    Checking defaults for OMS/txsy/m/n on input line 158.
LaTeX Font Info:    Try loading font information for OMS+txsy on input line 158
.

(/usr/local/texlive/2019/texmf-dist/tex/latex/txfonts/omstxsy.fd
File: omstxsy.fd 2000/12/15 v3.1
)
LaTeX Font Info:    ... okay on input line 158.
LaTeX Font Info:    Checking defaults for OMX/txex/m/n on input line 158.
LaTeX Font Info:    Try loading font information for OMX+txex on input line 158
.

(/usr/local/texlive/2019/texmf-dist/tex/latex/txfonts/omxtxex.fd
File: omxtxex.fd 2000/12/15 v3.1
)
LaTeX Font Info:    ... okay on input line 158.
LaTeX Font Info:    Checking defaults for U/txexa/m/n on input line 158.
LaTeX Font Info:    Try loading font information for U+txexa on input line 158.


(/usr/local/texlive/2019/texmf-dist/tex/latex/txfonts/utxexa.fd
File: utxexa.fd 2000/12/15 v3.1
)
LaTeX Font Info:    ... okay on input line 158.
LaTeX Font Info:    Checking defaults for PD1/pdf/m/n on input line 158.
LaTeX Font Info:    ... okay on input line 158.
LaTeX Font Info:    Checking defaults for TS1/cmr/m/n on input line 158.
LaTeX Font Info:    Try loading font information for TS1+cmr on input line 158.


(/usr/local/texlive/2019/texmf-dist/tex/latex/base/ts1cmr.fd
File: ts1cmr.fd 2014/09/29 v2.5h Standard LaTeX font definitions
)
LaTeX Font Info:    ... okay on input line 158.
LaTeX Font Info:    Try loading font information for OT1+txr on input line 158.


(/usr/local/texlive/2019/texmf-dist/tex/latex/txfonts/ot1txr.fd
File: ot1txr.fd 2000/12/15 v3.1
)
(/usr/local/texlive/2019/texmf-dist/tex/context/base/mkii/supp-pdf.mkii
[Loading MPS to PDF converter (version 2006.09.02).]
\scratchcounter=\count163
\scratchdimen=\dimen185
\scratchbox=\box61
\nofMPsegments=\count164
\nofMParguments=\count165
\everyMPshowfont=\toks35
\MPscratchCnt=\count166
\MPscratchDim=\dimen186
\MPnumerator=\count167
\makeMPintoPDFobject=\count168
\everyMPtoPDFconversion=\toks36
) (/usr/local/texlive/2019/texmf-dist/tex/latex/oberdiek/epstopdf-base.sty
Package: epstopdf-base 2016/05/15 v2.6 Base part for package epstopdf

(/usr/local/texlive/2019/texmf-dist/tex/latex/oberdiek/grfext.sty
Package: grfext 2016/05/16 v1.2 Manage graphics extensions (HO)
)
Package epstopdf-base Info: Redefining graphics rule for `.eps' on input line 4
38.
Package grfext Info: Graphics extension search list:
(grfext)             [.pdf,.png,.jpg,.mps,.jpeg,.jbig2,.jb2,.PDF,.PNG,.JPG,.JPE
G,.JBIG2,.JB2,.eps]
(grfext)             \AppendGraphicsExtensions on input line 456.

(/usr/local/texlive/2019/texmf-dist/tex/latex/latexconfig/epstopdf-sys.cfg
File: epstopdf-sys.cfg 2010/07/13 v1.3 Configuration of (r)epstopdf for TeX Liv
e
))
ABD: EveryShipout initializing macros
\AtBeginShipoutBox=\box62
Package hyperref Info: Link coloring OFF on input line 158.

(/usr/local/texlive/2019/texmf-dist/tex/latex/hyperref/nameref.sty
Package: nameref 2016/05/21 v2.44 Cross-referencing by name of section

(/usr/local/texlive/2019/texmf-dist/tex/generic/oberdiek/gettitlestring.sty
Package: gettitlestring 2016/05/16 v1.5 Cleanup title references (HO)
)
\c@section@level=\count169
)
LaTeX Info: Redefining \ref on input line 158.
LaTeX Info: Redefining \pageref on input line 158.
LaTeX Info: Redefining \nameref on input line 158.

(./VasishthEngelmannSCCP.out) (./VasishthEngelmannSCCP.out)
\@outlinefile=\write6
\openout6 = `VasishthEngelmannSCCP.out'.


No file VasishthEngelmannSCCP.ttl.
[1


{/usr/local/texlive/2019/texmf-var/fonts/map/pdftex/updmap/pdftex.map}]
[2

] (./VasishthEngelmannSCCP.toc [3

] [4] [5])
\tf@toc=\write7
\openout7 = `VasishthEngelmannSCCP.toc'.

 [6]

Package hyperref Warning: bookmark level for unknown schapter defaults to 0.

(./VasishthEngelmannSCCP.lof
LaTeX Font Info:    Try loading font information for U+txmia on input line 1.

(/usr/local/texlive/2019/texmf-dist/tex/latex/txfonts/utxmia.fd
File: utxmia.fd 2000/12/15 v3.1
)
LaTeX Font Info:    Try loading font information for U+txsya on input line 1.

(/usr/local/texlive/2019/texmf-dist/tex/latex/txfonts/utxsya.fd
File: utxsya.fd 2000/12/15 v3.1
)
LaTeX Font Info:    Try loading font information for U+txsyb on input line 1.

(/usr/local/texlive/2019/texmf-dist/tex/latex/txfonts/utxsyb.fd
File: utxsyb.fd 2000/12/15 v3.1
)
LaTeX Font Info:    Try loading font information for U+txsyc on input line 1.

(/usr/local/texlive/2019/texmf-dist/tex/latex/txfonts/utxsyc.fd
File: utxsyc.fd 2000/12/15 v3.1
)
Overfull \hbox (0.12013pt too wide) in paragraph at lines 5--5
 \OT1/txr/m/n/10 ver-ti-cal lines show the 95% cred-i-ble in-ter-val for the me
ta-analysis 
 []


Underfull \vbox (badness 10000) has occurred while \output is active []

 [7

]
[8]
LaTeX Font Info:    Try loading font information for OT1+txtt on input line 15.

 (/usr/local/texlive/2019/texmf-dist/tex/latex/txfonts/ot1txtt.fd
File: ot1txtt.fd 2000/12/15 v3.1
)
Overfull \hbox (1.08006pt too wide) in paragraph at lines 15--15
 \OT1/txr/m/n/10 avail-able at dx.doi.org/10.6084/m9.figshare.9305456 un-der a 
CC- 
 []


Overfull \hbox (0.97011pt too wide) in paragraph at lines 17--17
 \OT1/txr/m/n/10 match (cir-cles, solid line) and target-mismatch con-fig-u-ra-
tions (tri- 
 []


Overfull \hbox (9.6401pt too wide) in paragraph at lines 17--17
 \OT1/txr/m/n/10 belled distractor-match) and the no-interference (la-belled di
stractor- 
 []


Overfull \hbox (8.66013pt too wide) in paragraph at lines 17--17
 \OT1/txr/m/n/10 10,980 dif-fer-ent pa-ram-e-ter set-tings (each in target-matc
h and target- 
 []


Underfull \vbox (badness 1377) has occurred while \output is active []

 [9]
Overfull \hbox (0.4701pt too wide) in paragraph at lines 22--22
 \OT1/txr/m/n/10 (distractor-match mi-nus distractor-mismatch) as a func-tion o
f dis- 
 []


Overfull \hbox (2.24011pt too wide) in paragraph at lines 22--22
 \OT1/txr/m/n/10 the ver-ti-cal line in-ter-sects with the curves rep-re-sent s
tan-dard LV05 
 []


Underfull \vbox (badness 2698) has occurred while \output is active []

 [10]
Overfull \hbox (9.75006pt too wide) in paragraph at lines 27--27
 [] [][]\OT1/txr/m/n/10 Standard target-mismatch/distractor-match con-di-tion w
ith-out cross- 
 []


Underfull \vbox (badness 6396) has occurred while \output is active []

 [11]
Overfull \hbox (3.51015pt too wide) in paragraph at lines 29--29
 [] [][]\OT1/txr/m/n/10 Number of stud-ies in-cluded in the []J[]ager et al.[] 
([]2017[]) meta-analysis 
 []


Overfull \hbox (1.7601pt too wide) in paragraph at lines 31--31
 \OT1/txr/m/n/10 means with ad-di-tional smaller points rep-re-sent-ing in-di-v
id-ual stud- 
 []

[12]
Overfull \hbox (1.81012pt too wide) in paragraph at lines 37--37
 [] [][]\OT1/txr/m/n/10 Model pre-dic-tions for read-ing times in subject- and 
object-relative 
 []


Underfull \vbox (badness 10000) has occurred while \output is active []

 [13]
Overfull \hbox (1.4301pt too wide) in paragraph at lines 48--48
 \OT1/txr/m/n/10 dark-ness in the hexagons rep-re-sents den-sity, with darker h
exagons 
 []

)
\tf@lof=\write8
\openout8 = `VasishthEngelmannSCCP.lof'.

 [14] (./VasishthEngelmannSCCP.lot
Underfull \vbox (badness 3271) has occurred while \output is active []

 [15

]
Overfull \hbox (5.27007pt too wide) in paragraph at lines 6--6
 [] [][]\OT1/txr/m/n/10 Estimated val-ues for promi-nence pa-ram-e-ter in the L
V05+IP+MAC 
 []


Overfull \hbox (11.39014pt too wide) in paragraph at lines 18--18
 \OT1/txr/m/n/10 and (c) the ho-mo-ge-neous vs. het-ero-ge-neous vari-ance mix-
ture model. 
 []


Overfull \hbox (0.92012pt too wide) in paragraph at lines 18--18
 \OT1/txr/m/n/10 com-par-isons show that the het-ero-ge-neous vari-ance mix-tur
e model 
 []


Underfull \vbox (badness 2980) has occurred while \output is active []

 [16])
\tf@lot=\write9
\openout9 = `VasishthEngelmannSCCP.lot'.


[17]
\openout2 = `c00acksccp.aux'.

 (./c00acksccp.tex [18


]) [19]
\openout2 = `c00forewordsccp.aux'.

 (./c00forewordsccp.tex [20



]) [21]
\openout2 = `c00prefacesccp.aux'.


(./c00prefacesccp.tex) [22



]
Chapter 1.
[1



] [2]
Underfull \vbox (badness 10000) has occurred while \output is active []

 [3]
[4]
Overfull \hbox (0.54013pt too wide) in paragraph at lines 339--343
[]\OT1/txr/m/n/10 The min-i-mal at-tach-ment pro-posal has an in-ter-est-ing tw
ist. []Swets et al.[] ([]2008[])
 []


Overfull \hbox (8.8601pt too wide) in paragraph at lines 369--396
\OT1/txr/m/n/10 chang-ing the com-plex-ity and fre-quency of the ques-tions in 
a between-participants
 []

[5] [6] [7]
Overfull \hbox (4.7579pt too wide) in paragraph at lines 452--453
\OT1/txr/m/n/10 on-line pro-cess-ing, al-though the parser may also, un-der cer
-tain cir-cum-stances,
 []

[8]
Overfull \hbox (7.06787pt too wide) in paragraph at lines 480--481
[]\OT1/txr/m/n/10 Connectionist mod-els: []En-gel-mann and Va-sishth[] ([]2009[
]); []Frank[] ([]2009[]); []Linzen
 []

[9] [10] [11] [12]

Package xcolor Warning: Incompatible color definition on input line 647.

Package epstopdf Info: Source file: <figures/fig-rp-1.eps>
(epstopdf)                    date: 2021-01-04 13:29:45
(epstopdf)                    size: 883855 bytes
(epstopdf)             Output file: <figures/fig-rp-1-eps-converted-to.pdf>
(epstopdf)                    date: 2021-01-04 13:30:20
(epstopdf)                    size: 269798 bytes
(epstopdf)             Command: <repstopdf --outfile=figures/fig-rp-1-eps-conve
rted-to.pdf figures/fig-rp-1.eps>
(epstopdf)             \includegraphics on input line 649.
Package epstopdf Info: Output file is already uptodate.
<figures/fig-rp-1-eps-converted-to.pdf, id=1551, 505.89pt x 505.89pt>
File: figures/fig-rp-1-eps-converted-to.pdf Graphic file (type pdf)
<use figures/fig-rp-1-eps-converted-to.pdf>
Package pdftex.def Info: figures/fig-rp-1-eps-converted-to.pdf  used on input l
ine 649.
(pdftex.def)             Requested size: 312.0pt x 312.00435pt.

Package xcolor Warning: Incompatible color definition on input line 697.

Package epstopdf Info: Source file: <figures/fig-typemdemo-1.eps>
(epstopdf)                    date: 2020-05-21 09:51:23
(epstopdf)                    size: 26257 bytes
(epstopdf)             Output file: <figures/fig-typemdemo-1-eps-converted-to.p
df>
(epstopdf)                    date: 2020-05-21 09:52:12
(epstopdf)                    size: 24400 bytes
(epstopdf)             Command: <repstopdf --outfile=figures/fig-typemdemo-1-ep
s-converted-to.pdf figures/fig-typemdemo-1.eps>
(epstopdf)             \includegraphics on input line 699.
Package epstopdf Info: Output file is already uptodate.
<figures/fig-typemdemo-1-eps-converted-to.pdf, id=1563, 505.89pt x 505.89pt>
File: figures/fig-typemdemo-1-eps-converted-to.pdf Graphic file (type pdf)
<use figures/fig-typemdemo-1-eps-converted-to.pdf>
Package pdftex.def Info: figures/fig-typemdemo-1-eps-converted-to.pdf  used on 
input line 699.
(pdftex.def)             Requested size: 312.0pt x 312.00435pt.
[13] [14 <./figures/fig-rp-1-eps-converted-to.pdf>]
Underfull \vbox (badness 10000) has occurred while \output is active []

 [15 <./figures/fig-typemdemo-1-eps-converted-to.pdf>]
Overfull \hbox (2.14014pt too wide) in paragraph at lines 731--734
\OT1/txr/m/n/10 then com-pare the es-ti-mates from the data with this pre-dicte
d range. This method
 []

[16] [17] [18] [19]
Underfull \vbox (badness 10000) has occurred while \output is active []

 [20]
[21]
Chapter 2.
<figures/spreadingactivation.pdf, id=1711, 666.49pt x 688.5725pt>
File: figures/spreadingactivation.pdf Graphic file (type pdf)
<use figures/spreadingactivation.pdf>
Package pdftex.def Info: figures/spreadingactivation.pdf  used on input line 86
8.
(pdftex.def)             Requested size: 170.71652pt x 176.36641pt.

Underfull \vbox (badness 10000) has occurred while \output is active []

 [22

]
Overfull \hbox (8.7379pt too wide) in paragraph at lines 884--885
\OT1/txr/m/n/10 re-sen-ta-tions ([]Nairne[], []1990[]; []Ober-auer and Kliegl[]
, []2006[]; []Va-sishth et al.[], []2017a[]). 
 []

[23 <./figures/spreadingactivation.pdf>] [24] [25] [26]
Overfull \hbox (4.08015pt too wide) in paragraph at lines 981--982
[]\OT1/txr/m/n/10 As an ex-am-ple, con-sider the self-paced read-ing study car-
ried out by []Van Dyke
 []

[27] [28]

Package xcolor Warning: Incompatible color definition on input line 1039.

Package epstopdf Info: Source file: <figures/fig-jvddataplot-1.eps>
(epstopdf)                    date: 2021-01-04 13:29:45
(epstopdf)                    size: 9316 bytes
(epstopdf)             Output file: <figures/fig-jvddataplot-1-eps-converted-to
.pdf>
(epstopdf)                    date: 2021-01-04 13:30:21
(epstopdf)                    size: 15048 bytes
(epstopdf)             Command: <repstopdf --outfile=figures/fig-jvddataplot-1-
eps-converted-to.pdf figures/fig-jvddataplot-1.eps>
(epstopdf)             \includegraphics on input line 1041.
Package epstopdf Info: Output file is already uptodate.
<figures/fig-jvddataplot-1-eps-converted-to.pdf, id=1878, 505.89pt x 505.89pt>
File: figures/fig-jvddataplot-1-eps-converted-to.pdf Graphic file (type pdf)
<use figures/fig-jvddataplot-1-eps-converted-to.pdf>
Package pdftex.def Info: figures/fig-jvddataplot-1-eps-converted-to.pdf  used o
n input line 1041.
(pdftex.def)             Requested size: 312.0pt x 312.00435pt.

Package xcolor Warning: Incompatible color definition on input line 1054.

Package epstopdf Info: Source file: <figures/fig-powercalcintvandyke-1.eps>
(epstopdf)                    date: 2021-01-04 13:29:52
(epstopdf)                    size: 12998 bytes
(epstopdf)             Output file: <figures/fig-powercalcintvandyke-1-eps-conv
erted-to.pdf>
(epstopdf)                    date: 2021-01-04 13:30:21
(epstopdf)                    size: 13580 bytes
(epstopdf)             Command: <repstopdf --outfile=figures/fig-powercalcintva
ndyke-1-eps-converted-to.pdf figures/fig-powercalcintvandyke-1.eps>
(epstopdf)             \includegraphics on input line 1056.
Package epstopdf Info: Output file is already uptodate.
<figures/fig-powercalcintvandyke-1-eps-converted-to.pdf, id=1879, 216.81pt x 21
6.81pt>
File: figures/fig-powercalcintvandyke-1-eps-converted-to.pdf Graphic file (type
 pdf)
<use figures/fig-powercalcintvandyke-1-eps-converted-to.pdf>
Package pdftex.def Info: figures/fig-powercalcintvandyke-1-eps-converted-to.pdf
  used on input line 1056.
(pdftex.def)             Requested size: 216.80946pt x 216.81938pt.
[29] [30 <./figures/fig-jvddataplot-1-eps-converted-to.pdf>] [31 <./figures/fig
-powercalcintvandyke-1-eps-converted-to.pdf>]
<figures/c02cs2018implausible.pdf, id=1928, 612.2875pt x 485.815pt>
File: figures/c02cs2018implausible.pdf Graphic file (type pdf)
<use figures/c02cs2018implausible.pdf>
Package pdftex.def Info: figures/c02cs2018implausible.pdf  used on input line 1
091.
(pdftex.def)             Requested size: 312.9803pt x 248.33316pt.

Overfull \hbox (0.9803pt too wide) in paragraph at lines 1091--1092
 [][] 
 []


Overfull \hbox (0.11014pt too wide) in paragraph at lines 1099--1104
\OT1/txr/m/n/10 mat-i-cal-ity. The sen-tence is []un-gram-mat-i-cal be-cause of
 the lack of num-ber agree-
 []


Underfull \vbox (badness 10000) has occurred while \output is active []

 [32 <./figures/c02cs2018implausible.pdf>] [33]

Package xcolor Warning: Incompatible color definition on input line 1139.

Package epstopdf Info: Source file: <figures/fig-mismatchplot-1.eps>
(epstopdf)                    date: 2021-01-04 13:29:55
(epstopdf)                    size: 9352 bytes
(epstopdf)             Output file: <figures/fig-mismatchplot-1-eps-converted-t
o.pdf>
(epstopdf)                    date: 2021-01-04 13:30:22
(epstopdf)                    size: 15650 bytes
(epstopdf)             Command: <repstopdf --outfile=figures/fig-mismatchplot-1
-eps-converted-to.pdf figures/fig-mismatchplot-1.eps>
(epstopdf)             \includegraphics on input line 1141.
Package epstopdf Info: Output file is already uptodate.
<figures/fig-mismatchplot-1-eps-converted-to.pdf, id=2002, 505.89pt x 505.89pt>

File: figures/fig-mismatchplot-1-eps-converted-to.pdf Graphic file (type pdf)
<use figures/fig-mismatchplot-1-eps-converted-to.pdf>
Package pdftex.def Info: figures/fig-mismatchplot-1-eps-converted-to.pdf  used 
on input line 1141.
(pdftex.def)             Requested size: 312.0pt x 312.00435pt.
[34] [35 <./figures/fig-mismatchplot-1-eps-converted-to.pdf>]
<figures/serine.pdf, id=2039, 597.23125pt x 845.1575pt>
File: figures/serine.pdf Graphic file (type pdf)
<use figures/serine.pdf>
Package pdftex.def Info: figures/serine.pdf  used on input line 1158.
(pdftex.def)             Requested size: 221.17258pt x 312.9803pt.

Overfull \hbox (0.9803pt too wide) in paragraph at lines 1158--1159
 [][] 
 []


Package xcolor Warning: Incompatible color definition on input line 1186.

Package epstopdf Info: Source file: <figures/fig-matchnumagrmtplot-1.eps>
(epstopdf)                    date: 2021-01-04 13:29:57
(epstopdf)                    size: 10508 bytes
(epstopdf)             Output file: <figures/fig-matchnumagrmtplot-1-eps-conver
ted-to.pdf>
(epstopdf)                    date: 2021-01-04 13:30:22
(epstopdf)                    size: 14540 bytes
(epstopdf)             Command: <repstopdf --outfile=figures/fig-matchnumagrmtp
lot-1-eps-converted-to.pdf figures/fig-matchnumagrmtplot-1.eps>
(epstopdf)             \includegraphics on input line 1188.
Package epstopdf Info: Output file is already uptodate.
<figures/fig-matchnumagrmtplot-1-eps-converted-to.pdf, id=2045, 505.89pt x 505.
89pt>
File: figures/fig-matchnumagrmtplot-1-eps-converted-to.pdf Graphic file (type p
df)
<use figures/fig-matchnumagrmtplot-1-eps-converted-to.pdf>
Package pdftex.def Info: figures/fig-matchnumagrmtplot-1-eps-converted-to.pdf  
used on input line 1188.
(pdftex.def)             Requested size: 312.0pt x 312.00435pt.
[36]
Underfull \vbox (badness 1215) has occurred while \output is active []

 [37 <./figures/serine.pdf>] [38 <./figures/fig-matchnumagrmtplot-1-eps-convert
ed-to.pdf>]
[39] [40] [41]

Package xcolor Warning: Incompatible color definition on input line 1343.

Package epstopdf Info: Source file: <figures/fig-unnamed-chunk-1-1.eps>
(epstopdf)                    date: 2021-01-04 13:30:06
(epstopdf)                    size: 37927 bytes
(epstopdf)             Output file: <figures/fig-unnamed-chunk-1-1-eps-converte
d-to.pdf>
(epstopdf)                    date: 2021-01-04 13:30:23
(epstopdf)                    size: 28842 bytes
(epstopdf)             Command: <repstopdf --outfile=figures/fig-unnamed-chunk-
1-1-eps-converted-to.pdf figures/fig-unnamed-chunk-1-1.eps>
(epstopdf)             \includegraphics on input line 1345.
Package epstopdf Info: Output file is already uptodate.
<figures/fig-unnamed-chunk-1-1-eps-converted-to.pdf, id=2161, 650.43pt x 794.97
pt>
File: figures/fig-unnamed-chunk-1-1-eps-converted-to.pdf Graphic file (type pdf
)
<use figures/fig-unnamed-chunk-1-1-eps-converted-to.pdf>
Package pdftex.def Info: figures/fig-unnamed-chunk-1-1-eps-converted-to.pdf  us
ed on input line 1345.
(pdftex.def)             Requested size: 312.0pt x 381.33867pt.
[42]

Package xcolor Warning: Incompatible color definition on input line 1358.

Package epstopdf Info: Source file: <figures/fig-unnamed-chunk-2-1.eps>
(epstopdf)                    date: 2021-01-04 13:30:06
(epstopdf)                    size: 79926 bytes
(epstopdf)             Output file: <figures/fig-unnamed-chunk-2-1-eps-converte
d-to.pdf>
(epstopdf)                    date: 2021-01-04 13:30:23
(epstopdf)                    size: 57254 bytes
(epstopdf)             Command: <repstopdf --outfile=figures/fig-unnamed-chunk-
2-1-eps-converted-to.pdf figures/fig-unnamed-chunk-2-1.eps>
(epstopdf)             \includegraphics on input line 1360.
Package epstopdf Info: Output file is already uptodate.
<figures/fig-unnamed-chunk-2-1-eps-converted-to.pdf, id=2169, 650.43pt x 794.97
pt>
File: figures/fig-unnamed-chunk-2-1-eps-converted-to.pdf Graphic file (type pdf
)
<use figures/fig-unnamed-chunk-2-1-eps-converted-to.pdf>
Package pdftex.def Info: figures/fig-unnamed-chunk-2-1-eps-converted-to.pdf  us
ed on input line 1360.
(pdftex.def)             Requested size: 312.0pt x 381.33867pt.
[43 <./figures/fig-unnamed-chunk-1-1-eps-converted-to.pdf>]
Underfull \vbox (badness 10000) has occurred while \output is active []

 [44 <./figures/fig-unnamed-chunk-2-1-eps-converted-to.pdf>] [45] [46] [47] [48
] [49]
[50]
Chapter 3.

Overfull \hbox (3.0301pt too wide) in paragraph at lines 1455--1456
\OT1/txr/m/n/10 mech-a-nisms be-hind the for-ma-tion of de-pen-den-cies be-twee
n non-adjacent words
 []


Underfull \vbox (badness 10000) has occurred while \output is active []

 [51

]
Underfull \vbox (badness 6396) has occurred while \output is active []

 [52]
[53] [54]
<figures/lv05-fig1-structure.pdf, id=2399, 495.08841pt x 167.44386pt>
File: figures/lv05-fig1-structure.pdf Graphic file (type pdf)
<use figures/lv05-fig1-structure.pdf>
Package pdftex.def Info: figures/lv05-fig1-structure.pdf  used on input line 15
40.
(pdftex.def)             Requested size: 296.39905pt x 100.24991pt.
<figures/lv05-fig2-buffers.pdf, id=2411, 483.74808pt x 278.41145pt>
File: figures/lv05-fig2-buffers.pdf Graphic file (type pdf)
<use figures/lv05-fig2-buffers.pdf>
Package pdftex.def Info: figures/lv05-fig2-buffers.pdf  used on input line 1551
.
(pdftex.def)             Requested size: 296.39905pt x 170.59541pt.
 [55 <./figures/lv05-fig1-structure.pdf>]
<figures/tableLV05pred.pdf, id=2510, 829.0975pt x 545.03625pt>
File: figures/tableLV05pred.pdf Graphic file (type pdf)
<use figures/tableLV05pred.pdf>
Package pdftex.def Info: figures/tableLV05pred.pdf  used on input line 1565.
(pdftex.def)             Requested size: 312.0pt x 205.10332pt.
 [56 <./figures/lv05-fig2-buffers.pdf>]
Overfull \hbox (18.59982pt too wide) in paragraph at lines 1578--1580
\OT1/txr/m/n/10 The surgeon$[]$ who treated Jennifer$[]$ had pricked himself$\O
MS/txsy/m/n/10 f[]g$\OT1/txr/m/n/10 ... 
 []


Overfull \hbox (21.93982pt too wide) in paragraph at lines 1580--1582
\OT1/txr/m/n/10 The surgeon$[]$ who treated Jonathan$[]$ had pricked himself$\O
MS/txsy/m/n/10 f[]g$\OT1/txr/m/n/10 ... 
 []


Overfull \hbox (19.14983pt too wide) in paragraph at lines 1582--1584
\OT1/txr/m/n/10 The surgeon$[]$ who treated Jonathan$[]$ had pricked herself$\O
MS/txsy/m/n/10 f[]g$\OT1/txr/m/n/10 ... 
 []


Overfull \hbox (15.80983pt too wide) in paragraph at lines 1584--1586
\OT1/txr/m/n/10 The surgeon$[]$ who treated Jennifer$[]$ had pricked herself$\O
MS/txsy/m/n/10 f[]g$\OT1/txr/m/n/10 ... 
 []

[57 <./figures/tableLV05pred.pdf>] [58] [59]
<figures/fig-raceproc1.pdf, id=2655, 505.89pt x 289.08pt>
File: figures/fig-raceproc1.pdf Graphic file (type pdf)
<use figures/fig-raceproc1.pdf>
Package pdftex.def Info: figures/fig-raceproc1.pdf  used on input line 1644.
(pdftex.def)             Requested size: 280.7981pt x 160.45894pt.
<figures/fig-lv05plots1.pdf, id=2658, 433.62pt x 252.945pt>
File: figures/fig-lv05plots1.pdf Graphic file (type pdf)
<use figures/fig-lv05plots1.pdf>
Package pdftex.def Info: figures/fig-lv05plots1.pdf  used on input line 1652.
(pdftex.def)             Requested size: 249.60095pt x 145.60048pt.
 [60]
LaTeX Font Info:    Try loading font information for OT1+txss on input line 166
4.

(/usr/local/texlive/2019/texmf-dist/tex/latex/txfonts/ot1txss.fd
File: ot1txss.fd 2000/12/15 v3.1
)
LaTeX Font Info:    Font shape `OT1/txss/m/n' will be
(Font)              scaled to size 9.49997pt on input line 1664.
 [61 <./figures/fig-raceproc1.pdf>] [62 <./figures/fig-lv05plots1.pdf>]
Overfull \vbox (10.0pt too high) detected at line 1691
 []


Overfull \hbox (16.20975pt too wide) in paragraph at lines 1686--1762
 [] 
 []

[63] [64] [65] [66]
Overfull \hbox (16.10013pt too wide) in paragraph at lines 1788--1789
\OT1/txr/m/n/10 ing from data, us-ing a pa-ram-e-ter es-ti-ma-tion ap-proach ca
lled []Ap-prox-i-mate Bayesian
 []

[67]
Overfull \hbox (0.9501pt too wide) in paragraph at lines 1798--1799
\OT1/txr/m/n/10 the Bayesian paradigm. In the []Bayesian pa-ram-e-ter es-ti-ma-
tion frame-work, given
 []


Overfull \hbox (7.05008pt too wide) in paragraph at lines 1810--1811
\OT1/txr/m/n/10 Monte Carlo Markov Chain meth-ods. Ex-am-ples are []Gibbs sam-p
ling, []Metropolis-
 []

[68]
Underfull \vbox (badness 2818) has occurred while \output is active []

 [69]

Package xcolor Warning: Incompatible color definition on input line 1841.

Package epstopdf Info: Source file: <figures/fig-betaprior-1.eps>
(epstopdf)                    date: 2021-01-04 13:30:08
(epstopdf)                    size: 9239 bytes
(epstopdf)             Output file: <figures/fig-betaprior-1-eps-converted-to.p
df>
(epstopdf)                    date: 2021-01-04 13:30:24
(epstopdf)                    size: 12218 bytes
(epstopdf)             Command: <repstopdf --outfile=figures/fig-betaprior-1-ep
s-converted-to.pdf figures/fig-betaprior-1.eps>
(epstopdf)             \includegraphics on input line 1843.
Package epstopdf Info: Output file is already uptodate.
<figures/fig-betaprior-1-eps-converted-to.pdf, id=2846, 505.89pt x 361.35pt>
File: figures/fig-betaprior-1-eps-converted-to.pdf Graphic file (type pdf)
<use figures/fig-betaprior-1-eps-converted-to.pdf>
Package pdftex.def Info: figures/fig-betaprior-1-eps-converted-to.pdf  used on 
input line 1843.
(pdftex.def)             Requested size: 312.0pt x 222.86026pt.
[70 <./figures/fig-betaprior-1-eps-converted-to.pdf>]
Underfull \vbox (badness 5417) has occurred while \output is active []

 [71]

Package xcolor Warning: Incompatible color definition on input line 1896.

Package epstopdf Info: Source file: <figures/fig-plotlf-1.eps>
(epstopdf)                    date: 2021-01-04 13:30:09
(epstopdf)                    size: 41212 bytes
(epstopdf)             Output file: <figures/fig-plotlf-1-eps-converted-to.pdf>

(epstopdf)                    date: 2021-01-04 13:30:24
(epstopdf)                    size: 25615 bytes
(epstopdf)             Command: <repstopdf --outfile=figures/fig-plotlf-1-eps-c
onverted-to.pdf figures/fig-plotlf-1.eps>
(epstopdf)             \includegraphics on input line 1898.
Package epstopdf Info: Output file is already uptodate.
<figures/fig-plotlf-1-eps-converted-to.pdf, id=2884, 505.89pt x 361.35pt>
File: figures/fig-plotlf-1-eps-converted-to.pdf Graphic file (type pdf)
<use figures/fig-plotlf-1-eps-converted-to.pdf>
Package pdftex.def Info: figures/fig-plotlf-1-eps-converted-to.pdf  used on inp
ut line 1898.
(pdftex.def)             Requested size: 312.0pt x 222.86026pt.

Package xcolor Warning: Incompatible color definition on input line 1916.

Package epstopdf Info: Source file: <figures/fig-plotppdistrns-1.eps>
(epstopdf)                    date: 2021-01-04 13:30:09
(epstopdf)                    size: 38763 bytes
(epstopdf)             Output file: <figures/fig-plotppdistrns-1-eps-converted-
to.pdf>
(epstopdf)                    date: 2021-01-04 13:30:24
(epstopdf)                    size: 23373 bytes
(epstopdf)             Command: <repstopdf --outfile=figures/fig-plotppdistrns-
1-eps-converted-to.pdf figures/fig-plotppdistrns-1.eps>
(epstopdf)             \includegraphics on input line 1918.
Package epstopdf Info: Output file is already uptodate.
<figures/fig-plotppdistrns-1-eps-converted-to.pdf, id=2886, 505.89pt x 361.35pt
>
File: figures/fig-plotppdistrns-1-eps-converted-to.pdf Graphic file (type pdf)
<use figures/fig-plotppdistrns-1-eps-converted-to.pdf>
Package pdftex.def Info: figures/fig-plotppdistrns-1-eps-converted-to.pdf  used
 on input line 1918.
(pdftex.def)             Requested size: 312.0pt x 222.86026pt.
[72] [73 <./figures/fig-plotlf-1-eps-converted-to.pdf>] [74 <./figures/fig-plot
ppdistrns-1-eps-converted-to.pdf>]
Chapter 4.
[75

]
Overfull \hbox (18.59982pt too wide) in paragraph at lines 1956--1958
\OT1/txr/m/n/10 The surgeon$[]$ who treated Jennifer$[]$ had pricked himself$\O
MS/txsy/m/n/10 f[]g$\OT1/txr/m/n/10 ... 
 []


Overfull \hbox (21.93982pt too wide) in paragraph at lines 1958--1960
\OT1/txr/m/n/10 The surgeon$[]$ who treated Jonathan$[]$ had pricked himself$\O
MS/txsy/m/n/10 f[]g$\OT1/txr/m/n/10 ... 
 []


Overfull \hbox (19.14983pt too wide) in paragraph at lines 1960--1962
\OT1/txr/m/n/10 The surgeon$[]$ who treated Jonathan$[]$ had pricked herself$\O
MS/txsy/m/n/10 f[]g$\OT1/txr/m/n/10 ... 
 []


Overfull \hbox (15.80983pt too wide) in paragraph at lines 1962--1964
\OT1/txr/m/n/10 The surgeon$[]$ who treated Jennifer$[]$ had pricked herself$\O
MS/txsy/m/n/10 f[]g$\OT1/txr/m/n/10 ... 
 []

[76]
File: figures/tableLV05pred.pdf Graphic file (type pdf)
<use figures/tableLV05pred.pdf>
Package pdftex.def Info: figures/tableLV05pred.pdf  used on input line 1969.
(pdftex.def)             Requested size: 312.0pt x 205.10332pt.
 [77] [78]

Package xcolor Warning: Incompatible color definition on input line 2015.

Package epstopdf Info: Source file: <figures/fig-prominenceNew-1.eps>
(epstopdf)                    date: 2021-01-04 13:30:09
(epstopdf)                    size: 10573 bytes
(epstopdf)             Output file: <figures/fig-prominenceNew-1-eps-converted-
to.pdf>
(epstopdf)                    date: 2021-01-04 13:30:25
(epstopdf)                    size: 13046 bytes
(epstopdf)             Command: <repstopdf --outfile=figures/fig-prominenceNew-
1-eps-converted-to.pdf figures/fig-prominenceNew-1.eps>
(epstopdf)             \includegraphics on input line 2017.
Package epstopdf Info: Output file is already uptodate.
<figures/fig-prominenceNew-1-eps-converted-to.pdf, id=3001, 505.89pt x 505.89pt
>
File: figures/fig-prominenceNew-1-eps-converted-to.pdf Graphic file (type pdf)
<use figures/fig-prominenceNew-1-eps-converted-to.pdf>
Package pdftex.def Info: figures/fig-prominenceNew-1-eps-converted-to.pdf  used
 on input line 2017.
(pdftex.def)             Requested size: 249.60095pt x 249.60193pt.

Underfull \hbox (badness 2134) in paragraph at lines 2024--2024
 []\OT1/txr/m/n/8.5 Figure 4.2 []Predicted target-match and target-mismatch in-
ter-fer-ence ef-fects 
 []


Underfull \vbox (badness 10000) has occurred while \output is active []

 [79]
Overfull \hbox (1.64014pt too wide) in paragraph at lines 2034--2045
\OT1/txr/m/n/10 creases with in-creas-ing []dis-trac-tor promi-nence. In or-der
 to un-der-stand the causes
 []

[80 <./figures/fig-prominenceNew-1-eps-converted-to.pdf>]
<figures/ensemble-lines-mismatch.pdf, id=3038, 490.83376pt x 433.62pt>
File: figures/ensemble-lines-mismatch.pdf Graphic file (type pdf)
<use figures/ensemble-lines-mismatch.pdf>
Package pdftex.def Info: figures/ensemble-lines-mismatch.pdf  used on input lin
e 2049.
(pdftex.def)             Requested size: 312.0pt x 275.63676pt.
 [81]
Underfull \vbox (badness 7273) has occurred while \output is active []

 [82 <./figures/ensemble-lines-mismatch.pdf>]
<figures/ensemble-lines-match.pdf, id=3077, 490.83376pt x 433.62pt>
File: figures/ensemble-lines-match.pdf Graphic file (type pdf)
<use figures/ensemble-lines-match.pdf>
Package pdftex.def Info: figures/ensemble-lines-match.pdf  used on input line 2
095.
(pdftex.def)             Requested size: 312.0pt x 275.63676pt.
 [83] [84 <./figures/ensemble-lines-match.pdf>] [85] [86]
Overfull \hbox (0.22014pt too wide) in paragraph at lines 2166--2169
\OT1/txr/m/n/10 tences such as Ex-am-ple ([]26[]) and the base-line con-di-tion
 shown in Ex-am-ple ([]27[]),
 []

[87]
Overfull \hbox (1.64012pt too wide) in paragraph at lines 2193--2196
\OT1/txr/m/n/10 The noun \OT1/txr/m/it/10 sur-geon \OT1/txr/m/n/10 in the sen-t
ence ``the sur-geon who treated Jen-nifer had pricked
 []

[88] [89]
<figures/tableNewmodelcueconf.pdf, id=3191, 810.02625pt x 276.03125pt>
File: figures/tableNewmodelcueconf.pdf Graphic file (type pdf)
<use figures/tableNewmodelcueconf.pdf>
Package pdftex.def Info: figures/tableNewmodelcueconf.pdf  used on input line 2
237.
(pdftex.def)             Requested size: 312.0pt x 106.32079pt.
 [90 <./figures/tableNewmodelcueconf.pdf>]
<figures/cueconfusion.pdf, id=3234, 433.62pt x 252.945pt>
File: figures/cueconfusion.pdf Graphic file (type pdf)
<use figures/cueconfusion.pdf>
Package pdftex.def Info: figures/cueconfusion.pdf  used on input line 2253.
(pdftex.def)             Requested size: 227.62204pt x 132.77881pt.

Underfull \hbox (badness 2134) in paragraph at lines 2256--2256
 []\OT1/txr/m/n/8.5 Figure 4.6 []Predicted target-match and target-mismatch in-
ter-fer-ence ef-fects 
 []


Underfull \hbox (badness 3148) in paragraph at lines 2256--2256
 \OT1/txr/m/n/8.5 (distractor-match mi-nus distractor-mismatch) as a func-tion 
of the cross- 
 []

[91 <./figures/cueconfusion.pdf>] [92] [93] [94]
<figures/implFig1.pdf, id=3283, 519.9425pt x 112.42pt>
File: figures/implFig1.pdf Graphic file (type pdf)
<use figures/implFig1.pdf>
Package pdftex.def Info: figures/implFig1.pdf  used on input line 2344.
(pdftex.def)             Requested size: 249.60095pt x 53.96783pt.
 [95 <./figures/implFig1.pdf>]
<figures/implFig2.pdf, id=3319, 530.98375pt x 107.40125pt>
File: figures/implFig2.pdf Graphic file (type pdf)
<use figures/implFig2.pdf>
Package pdftex.def Info: figures/implFig2.pdf  used on input line 2398.
(pdftex.def)             Requested size: 249.60095pt x 50.48677pt.

[96 <./figures/implFig2.pdf>] [97]
Overfull \hbox (7.26785pt too wide) in paragraph at lines 2452--2453
\OT1/txr/m/n/10 mismatch con-fig-u-ra-tion, when the cross-association level is
 suf-fi-ciently high.[][][] 
 []


Overfull \hbox (1.75012pt too wide) in paragraph at lines 2478--2481
[]\OT1/txr/m/n/10 Figure []4.2[] shown ear-lier il-lus-trates the re-la-tion-sh
ip be-tween dis-trac-tor promi-
 []

[98]
Overfull \hbox (13.21954pt too wide) in paragraph at lines 2494--2496
\OT1/txr/m/n/10 model code is avail-able on GitHub at []$\OT1/txtt/m/n/10 https
 : / / github . com / felixengelmann /
 []

[99]

Package xcolor Warning: Incompatible color definition on input line 2511.

Package epstopdf Info: Source file: <figures/fig-datsumfig-1.eps>
(epstopdf)                    date: 2021-01-04 13:30:10
(epstopdf)                    size: 12640 bytes
(epstopdf)             Output file: <figures/fig-datsumfig-1-eps-converted-to.p
df>
(epstopdf)                    date: 2021-01-04 13:30:25
(epstopdf)                    size: 12012 bytes
(epstopdf)             Command: <repstopdf --outfile=figures/fig-datsumfig-1-ep
s-converted-to.pdf figures/fig-datsumfig-1.eps>
(epstopdf)             \includegraphics on input line 2513.
Package epstopdf Info: Output file is already uptodate.
<figures/fig-datsumfig-1-eps-converted-to.pdf, id=3391, 505.89pt x 505.89pt>
File: figures/fig-datsumfig-1-eps-converted-to.pdf Graphic file (type pdf)
<use figures/fig-datsumfig-1-eps-converted-to.pdf>
Package pdftex.def Info: figures/fig-datsumfig-1-eps-converted-to.pdf  used on 
input line 2513.
(pdftex.def)             Requested size: 312.0pt x 312.00435pt.

Overfull \hbox (7.64014pt too wide) in paragraph at lines 2530--2531
\OT1/txr/m/n/10 in each case were de-ter-mined by sub-tract-ing the re-trieval 
la-tency in the distractor-
 []

[100] [101 <./figures/fig-datsumfig-1-eps-converted-to.pdf>]
Underfull \vbox (badness 3128) has occurred while \output is active []

 [102]
<figures/fig-simresultsBayesMeans.pdf, id=3435, 361.35pt x 289.08pt>
File: figures/fig-simresultsBayesMeans.pdf Graphic file (type pdf)
<use figures/fig-simresultsBayesMeans.pdf>
Package pdftex.def Info: figures/fig-simresultsBayesMeans.pdf  used on input li
ne 2612.
(pdftex.def)             Requested size: 249.60095pt x 199.68155pt.

[103]
<figures/fig-simresults.pdf, id=3451, 578.16pt x 361.35pt>
File: figures/fig-simresults.pdf Graphic file (type pdf)
<use figures/fig-simresults.pdf>
Package pdftex.def Info: figures/fig-simresults.pdf  used on input line 2625.
(pdftex.def)             Requested size: 312.0pt x 194.99928pt.

Overfull \hbox (0.83014pt too wide) in paragraph at lines 2635--2637
[]\OT1/txr/m/n/10 This be-comes more ap-par-ent when pre-sent-ing the means by 
dis-trac-tor promi-
 []

[104 <./figures/fig-simresultsBayesMeans.pdf>]
Underfull \vbox (badness 10000) has occurred while \output is active []

 [105 <./figures/fig-simresults.pdf>]
Overfull \hbox (0.92946pt too wide) in paragraph at lines 2644--2651
\OT1/txr/m/n/10 cues, LV05+IP+MAC pro-duces means with a pos-i-tive sign for lo
w and medium
 []

<figures/fig-simresultsSlct.pdf, id=3501, 578.16pt x 289.08pt>
File: figures/fig-simresultsSlct.pdf Graphic file (type pdf)
<use figures/fig-simresultsSlct.pdf>
Package pdftex.def Info: figures/fig-simresultsSlct.pdf  used on input line 265
4.
(pdftex.def)             Requested size: 312.0pt x 155.9994pt.
[106] [107 <./figures/fig-simresultsSlct.pdf>] [108] [109] [110] [111] [112]
[113] [114] [115] [116]
Underfull \hbox (badness 1014) in paragraph at lines 2824--2825
[]|\OT1/txr/m/n/8 (\OT1/txr/m/it/8 distractor-match\OT1/txr/m/n/8 ) Ma-nip-u-la
-tion of a target-match
 []

[117] [118]
Overfull \hbox (26.3169pt too wide) in paragraph at lines 2875--2922
 [][] 
 []

[119

] [120]
Underfull \vbox (badness 10000) has occurred while \output is active []

 [121

]
[122]
Chapter 5.
[123

] [124]
Overfull \hbox (11.5995pt too wide) in paragraph at lines 3043--3045
\OT1/txr/m/n/10 Cor-pus, which is nec-es-sary be-cause ACT-R has de-vel-oped fu
r-ther since Salvucci's
 []

[125]
Underfull \vbox (badness 10000) has occurred while \output is active []

 [126]
<figures/figure51.pdf, id=3924, 703.62875pt x 1321.93875pt>
File: figures/figure51.pdf Graphic file (type pdf)
<use figures/figure51.pdf>
Package pdftex.def Info: figures/figure51.pdf  used on input line 3123.
(pdftex.def)             Requested size: 227.16278pt x 426.79134pt.

[127] [128] [129 <./figures/figure51.pdf>]
Underfull \vbox (badness 1983) has occurred while \output is active []

 [130]
[131] [132]
Overfull \hbox (1.6801pt too wide) in paragraph at lines 3167--3168
[]\OT1/txr/m/n/10 The fol-low-ing sim-u-la-tions test both as-sump-tions, sur-p
risal af-fect-ing the []high-
 []

[133] [134]
<figures/emmatimeout.pdf, id=4058, 597.23125pt x 845.1575pt>
File: figures/emmatimeout.pdf Graphic file (type pdf)
<use figures/emmatimeout.pdf>
Package pdftex.def Info: figures/emmatimeout.pdf  used on input line 3199.
(pdftex.def)             Requested size: 201.06018pt x 284.52756pt.
 [135 <./figures/emmatimeout.pdf>]
<figures/fig-psc-fstat.pdf, id=4073, 397.485pt x 397.485pt>
File: figures/fig-psc-fstat.pdf Graphic file (type pdf)
<use figures/fig-psc-fstat.pdf>
Package pdftex.def Info: figures/fig-psc-fstat.pdf  used on input line 3218.
(pdftex.def)             Requested size: 426.80283pt x 426.79134pt.
 [136] [137 <./figures/fig-psc-fstat.pdf>] [138] [139] [140] [141] [142]
Overfull \hbox (3.2601pt too wide) in paragraph at lines 3288--3289
[]\OT1/txr/m/n/10 In the next chap-ter, we in-ves-ti-gate two con-se-quences of
 the ex-tended EMMA-
 []

[143] [144] [145]
<figures/fig-lms.pdf, id=4227, 397.485pt x 523.9575pt>
File: figures/fig-lms.pdf Graphic file (type pdf)
<use figures/fig-lms.pdf>
Package pdftex.def Info: figures/fig-lms.pdf  used on input line 3334.
(pdftex.def)             Requested size: 249.60095pt x 329.03165pt.
 [146] [147] [148 <./figures/fig-lms.pdf>]
Chapter 6.

Underfull \vbox (badness 6396) has occurred while \output is active []

 [149

]
[150]
Overfull \hbox (6.2101pt too wide) in paragraph at lines 3430--3431
[]\OT1/txr/m/n/10 According to expectation-based ex-pla-na-tions ([]Gen-nari an
d Mac-Don-ald[], []2009[];
 []

[151] [152]

Package xcolor Warning: Incompatible color definition on input line 3464.

Package epstopdf Info: Source file: <figures/fig-staub10modelRT-1.eps>
(epstopdf)                    date: 2021-01-04 13:30:11
(epstopdf)                    size: 15848 bytes
(epstopdf)             Output file: <figures/fig-staub10modelRT-1-eps-converted
-to.pdf>
(epstopdf)                    date: 2021-01-04 13:30:26
(epstopdf)                    size: 14144 bytes
(epstopdf)             Command: <repstopdf --outfile=figures/fig-staub10modelRT
-1-eps-converted-to.pdf figures/fig-staub10modelRT-1.eps>
(epstopdf)             \includegraphics on input line 3466.
Package epstopdf Info: Output file is already uptodate.
<figures/fig-staub10modelRT-1-eps-converted-to.pdf, id=4409, 361.35pt x 216.81p
t>
File: figures/fig-staub10modelRT-1-eps-converted-to.pdf Graphic file (type pdf)

<use figures/fig-staub10modelRT-1-eps-converted-to.pdf>
Package pdftex.def Info: figures/fig-staub10modelRT-1-eps-converted-to.pdf  use
d on input line 3466.
(pdftex.def)             Requested size: 312.0pt x 187.20062pt.

Package xcolor Warning: Incompatible color definition on input line 3479.

Package epstopdf Info: Source file: <figures/fig-staub10modelREG-1.eps>
(epstopdf)                    date: 2021-01-04 13:30:11
(epstopdf)                    size: 8722 bytes
(epstopdf)             Output file: <figures/fig-staub10modelREG-1-eps-converte
d-to.pdf>
(epstopdf)                    date: 2021-01-04 13:30:26
(epstopdf)                    size: 11644 bytes
(epstopdf)             Command: <repstopdf --outfile=figures/fig-staub10modelRE
G-1-eps-converted-to.pdf figures/fig-staub10modelREG-1.eps>
(epstopdf)             \includegraphics on input line 3481.
Package epstopdf Info: Output file is already uptodate.
<figures/fig-staub10modelREG-1-eps-converted-to.pdf, id=4410, 361.35pt x 289.08
pt>
File: figures/fig-staub10modelREG-1-eps-converted-to.pdf Graphic file (type pdf
)
<use figures/fig-staub10modelREG-1-eps-converted-to.pdf>
Package pdftex.def Info: figures/fig-staub10modelREG-1-eps-converted-to.pdf  us
ed on input line 3481.
(pdftex.def)             Requested size: 218.39905pt x 174.7197pt.
[153]
Underfull \vbox (badness 1715) has occurred while \output is active []

 [154 <./figures/fig-staub10modelRT-1-eps-converted-to.pdf>] [155 <./figures/fi
g-staub10modelREG-1-eps-converted-to.pdf>]
Underfull \vbox (badness 4403) has occurred while \output is active []

 [156]
[157] [158] [159]
Overfull \hbox (2.19011pt too wide) in paragraph at lines 3578--3579
[]\OT1/txr/m/n/10 `The teacher said that the stu-dents had to stand up from the
ir seats...' 
 []


Package xcolor Warning: Incompatible color definition on input line 3611.

Package epstopdf Info: Source file: <figures/fig-mv13datarer-1.eps>
(epstopdf)                    date: 2021-01-04 13:30:11
(epstopdf)                    size: 7772 bytes
(epstopdf)             Output file: <figures/fig-mv13datarer-1-eps-converted-to
.pdf>
(epstopdf)                    date: 2021-01-04 13:30:27
(epstopdf)                    size: 11629 bytes
(epstopdf)             Command: <repstopdf --outfile=figures/fig-mv13datarer-1-
eps-converted-to.pdf figures/fig-mv13datarer-1.eps>
(epstopdf)             \includegraphics on input line 3613.
Package epstopdf Info: Output file is already uptodate.
<figures/fig-mv13datarer-1-eps-converted-to.pdf, id=4575, 433.62pt x 289.08pt>
File: figures/fig-mv13datarer-1-eps-converted-to.pdf Graphic file (type pdf)
<use figures/fig-mv13datarer-1-eps-converted-to.pdf>
Package pdftex.def Info: figures/fig-mv13datarer-1-eps-converted-to.pdf  used o
n input line 3613.
(pdftex.def)             Requested size: 218.39905pt x 145.59828pt.
[160] [161 <./figures/fig-mv13datarer-1-eps-converted-to.pdf>] [162]

Package xcolor Warning: Incompatible color definition on input line 3670.

Package epstopdf Info: Source file: <figures/fig-mv13modelambadv-1.eps>
(epstopdf)                    date: 2021-01-04 13:30:15
(epstopdf)                    size: 8180 bytes
(epstopdf)             Output file: <figures/fig-mv13modelambadv-1-eps-converte
d-to.pdf>
(epstopdf)                    date: 2021-01-04 13:30:27
(epstopdf)                    size: 11512 bytes
(epstopdf)             Command: <repstopdf --outfile=figures/fig-mv13modelambad
v-1-eps-converted-to.pdf figures/fig-mv13modelambadv-1.eps>
(epstopdf)             \includegraphics on input line 3672.
Package epstopdf Info: Output file is already uptodate.
<figures/fig-mv13modelambadv-1-eps-converted-to.pdf, id=4632, 361.35pt x 216.81
pt>
File: figures/fig-mv13modelambadv-1-eps-converted-to.pdf Graphic file (type pdf
)
<use figures/fig-mv13modelambadv-1-eps-converted-to.pdf>
Package pdftex.def Info: figures/fig-mv13modelambadv-1-eps-converted-to.pdf  us
ed on input line 3672.
(pdftex.def)             Requested size: 249.60095pt x 149.76115pt.

Underfull \vbox (badness 10000) has occurred while \output is active []

 [163]

Package xcolor Warning: Incompatible color definition on input line 3686.

Package epstopdf Info: Source file: <figures/fig-mv13modeltimeout-1.eps>
(epstopdf)                    date: 2021-01-04 13:30:17
(epstopdf)                    size: 7798 bytes
(epstopdf)             Output file: <figures/fig-mv13modeltimeout-1-eps-convert
ed-to.pdf>
(epstopdf)                    date: 2021-01-04 13:30:28
(epstopdf)                    size: 11631 bytes
(epstopdf)             Command: <repstopdf --outfile=figures/fig-mv13modeltimeo
ut-1-eps-converted-to.pdf figures/fig-mv13modeltimeout-1.eps>
(epstopdf)             \includegraphics on input line 3688.
Package epstopdf Info: Output file is already uptodate.
<figures/fig-mv13modeltimeout-1-eps-converted-to.pdf, id=4638, 361.35pt x 216.8
1pt>
File: figures/fig-mv13modeltimeout-1-eps-converted-to.pdf Graphic file (type pd
f)
<use figures/fig-mv13modeltimeout-1-eps-converted-to.pdf>
Package pdftex.def Info: figures/fig-mv13modeltimeout-1-eps-converted-to.pdf  u
sed on input line 3688.
(pdftex.def)             Requested size: 249.60095pt x 149.76115pt.
[164 <./figures/fig-mv13modelambadv-1-eps-converted-to.pdf> <./figures/fig-mv13
modeltimeout-1-eps-converted-to.pdf>]

Package xcolor Warning: Incompatible color definition on input line 3710.

Package epstopdf Info: Source file: <figures/fig-mv13modelrer-1.eps>
(epstopdf)                    date: 2021-01-04 13:30:17
(epstopdf)                    size: 7749 bytes
(epstopdf)             Output file: <figures/fig-mv13modelrer-1-eps-converted-t
o.pdf>
(epstopdf)                    date: 2021-01-04 13:30:28
(epstopdf)                    size: 11530 bytes
(epstopdf)             Command: <repstopdf --outfile=figures/fig-mv13modelrer-1
-eps-converted-to.pdf figures/fig-mv13modelrer-1.eps>
(epstopdf)             \includegraphics on input line 3712.
Package epstopdf Info: Output file is already uptodate.
<figures/fig-mv13modelrer-1-eps-converted-to.pdf, id=4661, 433.62pt x 289.08pt>

File: figures/fig-mv13modelrer-1-eps-converted-to.pdf Graphic file (type pdf)
<use figures/fig-mv13modelrer-1-eps-converted-to.pdf>
Package pdftex.def Info: figures/fig-mv13modelrer-1-eps-converted-to.pdf  used 
on input line 3712.
(pdftex.def)             Requested size: 218.39905pt x 145.59828pt.

Package xcolor Warning: Incompatible color definition on input line 3726.

Package epstopdf Info: Source file: <figures/fig-mv13modelatt-1.eps>
(epstopdf)                    date: 2021-01-04 13:30:18
(epstopdf)                    size: 7913 bytes
(epstopdf)             Output file: <figures/fig-mv13modelatt-1-eps-converted-t
o.pdf>
(epstopdf)                    date: 2021-01-04 13:30:28
(epstopdf)                    size: 11858 bytes
(epstopdf)             Command: <repstopdf --outfile=figures/fig-mv13modelatt-1
-eps-converted-to.pdf figures/fig-mv13modelatt-1.eps>
(epstopdf)             \includegraphics on input line 3728.
Package epstopdf Info: Output file is already uptodate.
<figures/fig-mv13modelatt-1-eps-converted-to.pdf, id=4662, 433.62pt x 289.08pt>

File: figures/fig-mv13modelatt-1-eps-converted-to.pdf Graphic file (type pdf)
<use figures/fig-mv13modelatt-1-eps-converted-to.pdf>
Package pdftex.def Info: figures/fig-mv13modelatt-1-eps-converted-to.pdf  used 
on input line 3728.
(pdftex.def)             Requested size: 218.39905pt x 145.59828pt.
[165 <./figures/fig-mv13modelrer-1-eps-converted-to.pdf>] [166 <./figures/fig-m
v13modelatt-1-eps-converted-to.pdf>] [167] [168]
Overfull \hbox (1.62784pt too wide) in paragraph at lines 3782--3783
[]\OT1/txr/m/n/10 Underspecification: []For struc-tural re-la-tions with low ut
il-ity, time-consuming
 []

[169] [170]
Chapter 7.
[171

]
<figures/c05DA.jpg, id=4759, 2642.87375pt x 2052.66875pt>
File: figures/c05DA.jpg Graphic file (type jpg)
<use figures/c05DA.jpg>
Package pdftex.def Info: figures/c05DA.jpg  used on input line 3808.
(pdftex.def)             Requested size: 199.13449pt x 142.26071pt.
 [172 <./figures/c05DA.jpg>]
Overfull \hbox (0.1001pt too wide) in paragraph at lines 3832--3833
\OT1/txr/m/n/10 fi-nite mix-ture pro-cess ([]Fr[]uhwirth-Schnatter[], []2006[];
 []McLach-lan and Peel[], []2004[]),
 []

[173] [174] [175]
<figures/activationdacomparisonBW.pdf, id=4843, 614.295pt x 794.97pt>
File: figures/activationdacomparisonBW.pdf Graphic file (type pdf)
<use figures/activationdacomparisonBW.pdf>
Package pdftex.def Info: figures/activationdacomparisonBW.pdf  used on input li
ne 3914.
(pdftex.def)             Requested size: 312.0pt x 403.76749pt.

Overfull \hbox (1.57011pt too wide) in paragraph at lines 3929--3930
[]\OT1/txr/m/n/10 It is widely ac-cepted in psy-cholin-guis-tics that []En-glis
h []sub-ject rel-a-tive clauses
 []

[176] [177 <./figures/activationdacomparisonBW.pdf>]
Overfull \hbox (1.34015pt too wide) in paragraph at lines 3962--3963
[]\OT1/txr/m/n/10 The dis-tance ac-count there-fore pre-dicts that in Chi-nese,
 the head noun should
 []

[178] [179] [180] [181] [182] [183]
Overfull \hbox (35.24995pt too wide) in paragraph at lines 4146--4162
 [] 
 []

[184] [185] [186] [187]
Chapter 8.

Underfull \vbox (badness 10000) has occurred while \output is active []

 [188

]
Overfull \hbox (1.44011pt too wide) in paragraph at lines 4215--4216
[]\OT1/txr/m/n/10 We turn next to the-o-ries that have tra-di-tion-ally been te
rmed pro-cess-ing deficit
 []


Underfull \vbox (badness 10000) has occurred while \output is active []

 [189]
[190] [191]
Overfull \hbox (0.1401pt too wide) in paragraph at lines 4247--4249
\OT1/txr/m/n/10 Support for in-ter-mit-tent de-fi-ciency comes from re-cent on-
line stud-ies with apha-
 []

[192]
Overfull \hbox (2.61949pt too wide) in paragraph at lines 4266--4273
\OT1/txr/m/n/10 versible canon-i-cal (SVO) sen-tences and their non-canonical c
oun-ter-parts (OVS)
 []

[193]
Overfull \hbox (2.3501pt too wide) in paragraph at lines 4275--4277
\OT1/txr/m/n/10 cul-ties. In a com-pre-hen-sive sum-mary of their eye track-ing
 ex-per-i-ments, []Thomp-
 []

[194] [195] [196]
Overfull \hbox (5.69788pt too wide) in paragraph at lines 4308--4309
[]\OT1/txr/m/n/10 Weakened syn-tax as-sumes that syn-tac-tic struc-tures do not
 have strong enough
 []

[197] [198] [199] [200] [201]
Overfull \hbox (0.90427pt too wide) in paragraph at lines 4446--4448
\OT1/txr/m/n/10 and $[] \OMS/txsy/m/n/10 2 f\OT1/txr/m/n/10 0\OML/txmi/m/it/10 
:\OT1/txr/m/n/10 15\OML/txmi/m/it/10 ; \OT1/txr/m/n/10 0\OML/txmi/m/it/10 :\OT1
/txr/m/n/10 2\OML/txmi/m/it/10 ; [] ; \OT1/txr/m/n/10 0\OML/txmi/m/it/10 :\OT1/
txr/m/n/10 45\OMS/txsy/m/n/10 g$\OT1/txr/m/n/10 .[][][] $^^E[]$ could be vi-su-
alised as a three-dimensional
 []


Underfull \vbox (badness 1515) has occurred while \output is active []

 [202]
<figures/margSR.pdf, id=5434, 597.07104pt x 215.62627pt>
File: figures/margSR.pdf Graphic file (type pdf)
<use figures/margSR.pdf>
Package pdftex.def Info: figures/margSR.pdf  used on input line 4463.
(pdftex.def)             Requested size: 312.0pt x 112.67575pt.
<figures/margOR.pdf, id=5435, 599.4878pt x 222.15286pt>
File: figures/margOR.pdf Graphic file (type pdf)
<use figures/margOR.pdf>
Package pdftex.def Info: figures/margOR.pdf  used on input line 4470.
(pdftex.def)             Requested size: 312.0pt x 115.61845pt.

[203] [204 <./figures/margSR.pdf> <./figures/margOR.pdf>] [205] [206]
Underfull \vbox (badness 10000) has occurred while \output is active []

 [207]
Underfull \vbox (badness 10000) has occurred while \output is active []

 [208]
Overfull \hbox (16.45013pt too wide) in paragraph at lines 4581--4582
[]\OT1/txr/m/n/10 One as-sump-tion made in the im-ple-men-ta-tions of the direc
t-access and activation-
 []

<figures/paulaelpdplot.pdf, id=5546, 578.16pt x 505.89pt>
File: figures/paulaelpdplot.pdf Graphic file (type pdf)
<use figures/paulaelpdplot.pdf>
Package pdftex.def Info: figures/paulaelpdplot.pdf  used on input line 4589.
(pdftex.def)             Requested size: 312.0pt x 272.99898pt.
[209] [210 <./figures/paulaelpdplot.pdf>] [211]
Chapter 9.

Overfull \hbox (1.35011pt too wide) in paragraph at lines 4613--4614
\OT1/txr/m/n/10 frame-work when it comes to un-der-stand-ing the un-der-ly-ing 
causes of individual-
 []


Underfull \vbox (badness 10000) has occurred while \output is active []

 [212

]
[213] [214] [215] [216

] (./VasishthEngelmannSCCP.bbl [217


] [218] [219] [220]
[221] [222] [223] [224] [225] [226] [227] [228] [229] [230] [231] [232]
[233] [234]) [235] [236

] (./VasishthEngelmannSCCP.ind
Index.
[237

] [238] [239] [240

])
Package atveryend Info: Empty hook `BeforeClearDocument' on input line 4673.
Package atveryend Info: Empty hook `AfterLastShipout' on input line 4673.
 (./VasishthEngelmannSCCP.aux (./c00acksccp.aux)
(./c00forewordsccp.aux) (./c00prefacesccp.aux))
Package atveryend Info: Executing hook `AtVeryEndDocument' on input line 4673.
Package atveryend Info: Executing hook `AtEndAfterFileList' on input line 4673.

Package rerunfilecheck Info: File `VasishthEngelmannSCCP.out' has not changed.
(rerunfilecheck)             Checksum: C13EE71974477487EB9DB7BC4C35AFDC;4845.
 ) 
Here is how much of TeX's memory you used:
 22474 strings out of 492616
 406350 string characters out of 6129481
 542246 words of memory out of 5000000
 24801 multiletter control sequences out of 15000+600000
 70148 words of font info for 159 fonts, out of 8000000 for 9000
 1145 hyphenation exceptions out of 8191
 55i,18n,48p,2095b,1099s stack positions out of 5000i,500n,10000p,200000b,80000s
{/usr/local/texlive/2019/texmf-dist/fonts/enc/dvips/base/8r.enc}</usr/local/t
exlive/2019/texmf-dist/fonts/type1/public/amsfonts/cm/cmmi10.pfb></usr/local/te
xlive/2019/texmf-dist/fonts/type1/public/amsfonts/cm/cmr10.pfb></usr/local/texl
ive/2019/texmf-dist/fonts/type1/public/amsfonts/latxfont/line10.pfb></usr/local
/texlive/2019/texmf-dist/fonts/type1/public/txfonts/rtxb.pfb></usr/local/texliv
e/2019/texmf-dist/fonts/type1/public/txfonts/rtxi.pfb></usr/local/texlive/2019/
texmf-dist/fonts/type1/public/txfonts/rtxmi.pfb></usr/local/texlive/2019/texmf-
dist/fonts/type1/public/txfonts/rtxr.pfb></usr/local/texlive/2019/texmf-dist/fo
nts/type1/public/txfonts/rtxsc.pfb></usr/local/texlive/2019/texmf-dist/fonts/ty
pe1/public/txfonts/txex.pfb></usr/local/texlive/2019/texmf-dist/fonts/type1/pub
lic/txfonts/txsy.pfb></usr/local/texlive/2019/texmf-dist/fonts/type1/public/txf
onts/txsyb.pfb></usr/local/texlive/2019/texmf-dist/fonts/type1/public/txfonts/t
xtt.pfb></usr/local/texlive/2019/texmf-dist/fonts/type1/urw/helvetic/uhvr8a.pfb
></usr/local/texlive/2019/texmf-dist/fonts/type1/urw/times/utmb8a.pfb></usr/loc
al/texlive/2019/texmf-dist/fonts/type1/urw/times/utmr8a.pfb></usr/local/texlive
/2019/texmf-dist/fonts/type1/urw/times/utmri8a.pfb></usr/local/texlive/2019/tex
mf-dist/fonts/type1/urw/zapfding/uzdr.pfb>
Output written on VasishthEngelmannSCCP.pdf (262 pages, 6807093 bytes).
PDF statistics:
 6499 PDF objects out of 7423 (max. 8388607)
 5938 compressed objects within 60 object streams
 1063 named destinations out of 1200 (max. 500000)
 755 words of extra memory for PDF output out of 10000 (max. 10000000)

